<?xml version="1.0" encoding="UTF-8"?>
<testsuite xmlns:xsi="http://www.w3.org/2001/XMLSchema-instance" xsi:noNamespaceSchemaLocation="https://maven.apache.org/surefire/maven-surefire-plugin/xsd/surefire-test-report-3.0.xsd" version="3.0" name="TestSuite" time="24.398" tests="1" errors="0" skipped="0" failures="0">
  <properties>
    <property name="java.specification.version" value="21"/>
    <property name="sun.cpu.isalist" value="amd64"/>
    <property name="sun.jnu.encoding" value="Cp1252"/>
    <property name="java.class.path" value="C:\Users\SQE Labs\eclipse-workspace\SeleniumFramework\target\test-classes;C:\Users\SQE Labs\eclipse-workspace\SeleniumFramework\target\classes;C:\Users\SQE Labs\.m2\repository\org\seleniumhq\selenium\selenium-java\4.11.0\selenium-java-4.11.0.jar;C:\Users\SQE Labs\.m2\repository\org\seleniumhq\selenium\selenium-api\4.11.0\selenium-api-4.11.0.jar;C:\Users\SQE Labs\.m2\repository\org\seleniumhq\selenium\selenium-chrome-driver\4.11.0\selenium-chrome-driver-4.11.0.jar;C:\Users\SQE Labs\.m2\repository\com\google\auto\service\auto-service-annotations\1.0.1\auto-service-annotations-1.0.1.jar;C:\Users\SQE Labs\.m2\repository\com\google\guava\guava\31.1-jre\guava-31.1-jre.jar;C:\Users\SQE Labs\.m2\repository\com\google\guava\failureaccess\1.0.1\failureaccess-1.0.1.jar;C:\Users\SQE Labs\.m2\repository\com\google\guava\listenablefuture\9999.0-empty-to-avoid-conflict-with-guava\listenablefuture-9999.0-empty-to-avoid-conflict-with-guava.jar;C:\Users\SQE Labs\.m2\repository\com\google\code\findbugs\jsr305\3.0.2\jsr305-3.0.2.jar;C:\Users\SQE Labs\.m2\repository\org\checkerframework\checker-qual\3.12.0\checker-qual-3.12.0.jar;C:\Users\SQE Labs\.m2\repository\com\google\errorprone\error_prone_annotations\2.11.0\error_prone_annotations-2.11.0.jar;C:\Users\SQE Labs\.m2\repository\com\google\j2objc\j2objc-annotations\1.3\j2objc-annotations-1.3.jar;C:\Users\SQE Labs\.m2\repository\org\seleniumhq\selenium\selenium-chromium-driver\4.11.0\selenium-chromium-driver-4.11.0.jar;C:\Users\SQE Labs\.m2\repository\org\seleniumhq\selenium\selenium-json\4.11.0\selenium-json-4.11.0.jar;C:\Users\SQE Labs\.m2\repository\org\seleniumhq\selenium\selenium-manager\4.11.0\selenium-manager-4.11.0.jar;C:\Users\SQE Labs\.m2\repository\org\seleniumhq\selenium\selenium-devtools-v113\4.11.0\selenium-devtools-v113-4.11.0.jar;C:\Users\SQE Labs\.m2\repository\org\seleniumhq\selenium\selenium-devtools-v114\4.11.0\selenium-devtools-v114-4.11.0.jar;C:\Users\SQE Labs\.m2\repository\org\seleniumhq\selenium\selenium-devtools-v115\4.11.0\selenium-devtools-v115-4.11.0.jar;C:\Users\SQE Labs\.m2\repository\org\seleniumhq\selenium\selenium-devtools-v85\4.11.0\selenium-devtools-v85-4.11.0.jar;C:\Users\SQE Labs\.m2\repository\org\seleniumhq\selenium\selenium-edge-driver\4.11.0\selenium-edge-driver-4.11.0.jar;C:\Users\SQE Labs\.m2\repository\org\seleniumhq\selenium\selenium-firefox-driver\4.11.0\selenium-firefox-driver-4.11.0.jar;C:\Users\SQE Labs\.m2\repository\org\seleniumhq\selenium\selenium-http\4.11.0\selenium-http-4.11.0.jar;C:\Users\SQE Labs\.m2\repository\dev\failsafe\failsafe\3.3.1\failsafe-3.3.1.jar;C:\Users\SQE Labs\.m2\repository\org\seleniumhq\selenium\selenium-ie-driver\4.11.0\selenium-ie-driver-4.11.0.jar;C:\Users\SQE Labs\.m2\repository\org\seleniumhq\selenium\selenium-remote-driver\4.11.0\selenium-remote-driver-4.11.0.jar;C:\Users\SQE Labs\.m2\repository\io\netty\netty-buffer\4.1.92.Final\netty-buffer-4.1.92.Final.jar;C:\Users\SQE Labs\.m2\repository\io\netty\netty-codec-http\4.1.92.Final\netty-codec-http-4.1.92.Final.jar;C:\Users\SQE Labs\.m2\repository\io\netty\netty-codec\4.1.92.Final\netty-codec-4.1.92.Final.jar;C:\Users\SQE Labs\.m2\repository\io\netty\netty-handler\4.1.92.Final\netty-handler-4.1.92.Final.jar;C:\Users\SQE Labs\.m2\repository\io\netty\netty-common\4.1.92.Final\netty-common-4.1.92.Final.jar;C:\Users\SQE Labs\.m2\repository\io\netty\netty-transport-classes-epoll\4.1.92.Final\netty-transport-classes-epoll-4.1.92.Final.jar;C:\Users\SQE Labs\.m2\repository\io\netty\netty-transport-classes-kqueue\4.1.92.Final\netty-transport-classes-kqueue-4.1.92.Final.jar;C:\Users\SQE Labs\.m2\repository\io\netty\netty-transport-native-epoll\4.1.92.Final\netty-transport-native-epoll-4.1.92.Final.jar;C:\Users\SQE Labs\.m2\repository\io\netty\netty-transport-native-kqueue\4.1.92.Final\netty-transport-native-kqueue-4.1.92.Final.jar;C:\Users\SQE Labs\.m2\repository\io\netty\netty-transport-native-unix-common\4.1.92.Final\netty-transport-native-unix-common-4.1.92.Final.jar;C:\Users\SQE Labs\.m2\repository\io\netty\netty-transport\4.1.92.Final\netty-transport-4.1.92.Final.jar;C:\Users\SQE Labs\.m2\repository\io\netty\netty-resolver\4.1.92.Final\netty-resolver-4.1.92.Final.jar;C:\Users\SQE Labs\.m2\repository\io\opentelemetry\opentelemetry-api\1.26.0\opentelemetry-api-1.26.0.jar;C:\Users\SQE Labs\.m2\repository\io\opentelemetry\opentelemetry-context\1.26.0\opentelemetry-context-1.26.0.jar;C:\Users\SQE Labs\.m2\repository\io\opentelemetry\opentelemetry-exporter-logging\1.26.0\opentelemetry-exporter-logging-1.26.0.jar;C:\Users\SQE Labs\.m2\repository\io\opentelemetry\opentelemetry-sdk-metrics\1.26.0\opentelemetry-sdk-metrics-1.26.0.jar;C:\Users\SQE Labs\.m2\repository\io\opentelemetry\opentelemetry-extension-incubator\1.26.0-alpha\opentelemetry-extension-incubator-1.26.0-alpha.jar;C:\Users\SQE Labs\.m2\repository\io\opentelemetry\opentelemetry-sdk-logs\1.26.0-alpha\opentelemetry-sdk-logs-1.26.0-alpha.jar;C:\Users\SQE Labs\.m2\repository\io\opentelemetry\opentelemetry-api-logs\1.26.0-alpha\opentelemetry-api-logs-1.26.0-alpha.jar;C:\Users\SQE Labs\.m2\repository\io\opentelemetry\opentelemetry-api-events\1.26.0-alpha\opentelemetry-api-events-1.26.0-alpha.jar;C:\Users\SQE Labs\.m2\repository\io\opentelemetry\opentelemetry-sdk-common\1.26.0\opentelemetry-sdk-common-1.26.0.jar;C:\Users\SQE Labs\.m2\repository\io\opentelemetry\opentelemetry-sdk-extension-autoconfigure-spi\1.26.0\opentelemetry-sdk-extension-autoconfigure-spi-1.26.0.jar;C:\Users\SQE Labs\.m2\repository\io\opentelemetry\opentelemetry-sdk-extension-autoconfigure\1.26.0-alpha\opentelemetry-sdk-extension-autoconfigure-1.26.0-alpha.jar;C:\Users\SQE Labs\.m2\repository\io\opentelemetry\opentelemetry-sdk-trace\1.26.0\opentelemetry-sdk-trace-1.26.0.jar;C:\Users\SQE Labs\.m2\repository\io\opentelemetry\opentelemetry-sdk\1.26.0\opentelemetry-sdk-1.26.0.jar;C:\Users\SQE Labs\.m2\repository\io\opentelemetry\opentelemetry-semconv\1.26.0-alpha\opentelemetry-semconv-1.26.0-alpha.jar;C:\Users\SQE Labs\.m2\repository\net\bytebuddy\byte-buddy\1.14.4\byte-buddy-1.14.4.jar;C:\Users\SQE Labs\.m2\repository\org\apache\commons\commons-exec\1.3\commons-exec-1.3.jar;C:\Users\SQE Labs\.m2\repository\org\asynchttpclient\async-http-client\2.12.3\async-http-client-2.12.3.jar;C:\Users\SQE Labs\.m2\repository\org\asynchttpclient\async-http-client-netty-utils\2.12.3\async-http-client-netty-utils-2.12.3.jar;C:\Users\SQE Labs\.m2\repository\io\netty\netty-codec-socks\4.1.60.Final\netty-codec-socks-4.1.60.Final.jar;C:\Users\SQE Labs\.m2\repository\io\netty\netty-handler-proxy\4.1.60.Final\netty-handler-proxy-4.1.60.Final.jar;C:\Users\SQE Labs\.m2\repository\io\netty\netty-transport-native-epoll\4.1.60.Final\netty-transport-native-epoll-4.1.60.Final-linux-x86_64.jar;C:\Users\SQE Labs\.m2\repository\io\netty\netty-transport-native-kqueue\4.1.60.Final\netty-transport-native-kqueue-4.1.60.Final-osx-x86_64.jar;C:\Users\SQE Labs\.m2\repository\org\reactivestreams\reactive-streams\1.0.3\reactive-streams-1.0.3.jar;C:\Users\SQE Labs\.m2\repository\com\typesafe\netty\netty-reactive-streams\2.0.4\netty-reactive-streams-2.0.4.jar;C:\Users\SQE Labs\.m2\repository\com\sun\activation\jakarta.activation\1.2.2\jakarta.activation-1.2.2.jar;C:\Users\SQE Labs\.m2\repository\org\seleniumhq\selenium\selenium-safari-driver\4.11.0\selenium-safari-driver-4.11.0.jar;C:\Users\SQE Labs\.m2\repository\org\seleniumhq\selenium\selenium-support\4.11.0\selenium-support-4.11.0.jar;C:\Users\SQE Labs\.m2\repository\org\testng\testng\7.10.2\testng-7.10.2.jar;C:\Users\SQE Labs\.m2\repository\com\beust\jcommander\1.82\jcommander-1.82.jar;C:\Users\SQE Labs\.m2\repository\org\webjars\jquery\3.7.1\jquery-3.7.1.jar;C:\Users\SQE Labs\.m2\repository\org\apache\httpcomponents\httpclient\4.5.13\httpclient-4.5.13.jar;C:\Users\SQE Labs\.m2\repository\org\apache\httpcomponents\httpcore\4.4.13\httpcore-4.4.13.jar;C:\Users\SQE Labs\.m2\repository\commons-logging\commons-logging\1.2\commons-logging-1.2.jar;C:\Users\SQE Labs\.m2\repository\commons-codec\commons-codec\1.11\commons-codec-1.11.jar;C:\Users\SQE Labs\.m2\repository\com\aventstack\chaintest-testng\1.0.5-SNAPSHOT\chaintest-testng-1.0.5-SNAPSHOT.jar;C:\Users\SQE Labs\.m2\repository\com\aventstack\chaintest-core\1.0.5-SNAPSHOT\chaintest-core-1.0.5-SNAPSHOT.jar;C:\Users\SQE Labs\.m2\repository\com\fasterxml\jackson\core\jackson-databind\2.18.0\jackson-databind-2.18.0.jar;C:\Users\SQE Labs\.m2\repository\com\fasterxml\jackson\core\jackson-annotations\2.18.0\jackson-annotations-2.18.0.jar;C:\Users\SQE Labs\.m2\repository\com\fasterxml\jackson\core\jackson-core\2.18.0\jackson-core-2.18.0.jar;C:\Users\SQE Labs\.m2\repository\org\yaml\snakeyaml\2.3\snakeyaml-2.3.jar;C:\Users\SQE Labs\.m2\repository\org\freemarker\freemarker\2.3.33\freemarker-2.3.33.jar;C:\Users\SQE Labs\.m2\repository\com\azure\azure-storage-blob\12.28.0\azure-storage-blob-12.28.0.jar;C:\Users\SQE Labs\.m2\repository\com\azure\azure-core\1.52.0\azure-core-1.52.0.jar;C:\Users\SQE Labs\.m2\repository\com\fasterxml\jackson\datatype\jackson-datatype-jsr310\2.17.2\jackson-datatype-jsr310-2.17.2.jar;C:\Users\SQE Labs\.m2\repository\io\projectreactor\reactor-core\3.4.38\reactor-core-3.4.38.jar;C:\Users\SQE Labs\.m2\repository\com\azure\azure-core-http-netty\1.15.4\azure-core-http-netty-1.15.4.jar;C:\Users\SQE Labs\.m2\repository\io\netty\netty-codec-http2\4.1.110.Final\netty-codec-http2-4.1.110.Final.jar;C:\Users\SQE Labs\.m2\repository\io\netty\netty-tcnative-boringssl-static\2.0.65.Final\netty-tcnative-boringssl-static-2.0.65.Final.jar;C:\Users\SQE Labs\.m2\repository\io\netty\netty-tcnative-classes\2.0.65.Final\netty-tcnative-classes-2.0.65.Final.jar;C:\Users\SQE Labs\.m2\repository\io\netty\netty-tcnative-boringssl-static\2.0.65.Final\netty-tcnative-boringssl-static-2.0.65.Final-linux-x86_64.jar;C:\Users\SQE Labs\.m2\repository\io\netty\netty-tcnative-boringssl-static\2.0.65.Final\netty-tcnative-boringssl-static-2.0.65.Final-linux-aarch_64.jar;C:\Users\SQE Labs\.m2\repository\io\netty\netty-tcnative-boringssl-static\2.0.65.Final\netty-tcnative-boringssl-static-2.0.65.Final-osx-x86_64.jar;C:\Users\SQE Labs\.m2\repository\io\netty\netty-tcnative-boringssl-static\2.0.65.Final\netty-tcnative-boringssl-static-2.0.65.Final-osx-aarch_64.jar;C:\Users\SQE Labs\.m2\repository\io\netty\netty-tcnative-boringssl-static\2.0.65.Final\netty-tcnative-boringssl-static-2.0.65.Final-windows-x86_64.jar;C:\Users\SQE Labs\.m2\repository\io\projectreactor\netty\reactor-netty-http\1.0.45\reactor-netty-http-1.0.45.jar;C:\Users\SQE Labs\.m2\repository\io\netty\netty-resolver-dns\4.1.109.Final\netty-resolver-dns-4.1.109.Final.jar;C:\Users\SQE Labs\.m2\repository\io\netty\netty-codec-dns\4.1.109.Final\netty-codec-dns-4.1.109.Final.jar;C:\Users\SQE Labs\.m2\repository\io\netty\netty-resolver-dns-native-macos\4.1.109.Final\netty-resolver-dns-native-macos-4.1.109.Final-osx-x86_64.jar;C:\Users\SQE Labs\.m2\repository\io\netty\netty-resolver-dns-classes-macos\4.1.109.Final\netty-resolver-dns-classes-macos-4.1.109.Final.jar;C:\Users\SQE Labs\.m2\repository\io\projectreactor\netty\reactor-netty-core\1.0.45\reactor-netty-core-1.0.45.jar;C:\Users\SQE Labs\.m2\repository\com\azure\azure-storage-internal-avro\12.13.0\azure-storage-internal-avro-12.13.0.jar;C:\Users\SQE Labs\.m2\repository\com\azure\azure-xml\1.1.0\azure-xml-1.1.0.jar;C:\Users\SQE Labs\.m2\repository\com\azure\azure-storage-common\12.28.0\azure-storage-common-12.28.0.jar;C:\Users\SQE Labs\.m2\repository\com\azure\azure-identity\1.13.3\azure-identity-1.13.3.jar;C:\Users\SQE Labs\.m2\repository\com\azure\azure-json\1.3.0\azure-json-1.3.0.jar;C:\Users\SQE Labs\.m2\repository\com\microsoft\azure\msal4j\1.17.1\msal4j-1.17.1.jar;C:\Users\SQE Labs\.m2\repository\com\nimbusds\oauth2-oidc-sdk\11.18\oauth2-oidc-sdk-11.18.jar;C:\Users\SQE Labs\.m2\repository\com\github\stephenc\jcip\jcip-annotations\1.0-1\jcip-annotations-1.0-1.jar;C:\Users\SQE Labs\.m2\repository\com\nimbusds\content-type\2.3\content-type-2.3.jar;C:\Users\SQE Labs\.m2\repository\com\nimbusds\lang-tag\1.7\lang-tag-1.7.jar;C:\Users\SQE Labs\.m2\repository\com\nimbusds\nimbus-jose-jwt\9.40\nimbus-jose-jwt-9.40.jar;C:\Users\SQE Labs\.m2\repository\net\minidev\json-smart\2.5.0\json-smart-2.5.0.jar;C:\Users\SQE Labs\.m2\repository\net\minidev\accessors-smart\2.5.0\accessors-smart-2.5.0.jar;C:\Users\SQE Labs\.m2\repository\org\ow2\asm\asm\9.3\asm-9.3.jar;C:\Users\SQE Labs\.m2\repository\com\microsoft\azure\msal4j-persistence-extension\1.3.0\msal4j-persistence-extension-1.3.0.jar;C:\Users\SQE Labs\.m2\repository\net\java\dev\jna\jna\5.13.0\jna-5.13.0.jar;C:\Users\SQE Labs\.m2\repository\net\java\dev\jna\jna-platform\5.6.0\jna-platform-5.6.0.jar;C:\Users\SQE Labs\.m2\repository\software\amazon\awssdk\s3\2.29.39\s3-2.29.39.jar;C:\Users\SQE Labs\.m2\repository\software\amazon\awssdk\aws-xml-protocol\2.29.39\aws-xml-protocol-2.29.39.jar;C:\Users\SQE Labs\.m2\repository\software\amazon\awssdk\aws-query-protocol\2.29.39\aws-query-protocol-2.29.39.jar;C:\Users\SQE Labs\.m2\repository\software\amazon\awssdk\protocol-core\2.29.39\protocol-core-2.29.39.jar;C:\Users\SQE Labs\.m2\repository\software\amazon\awssdk\arns\2.29.39\arns-2.29.39.jar;C:\Users\SQE Labs\.m2\repository\software\amazon\awssdk\profiles\2.29.39\profiles-2.29.39.jar;C:\Users\SQE Labs\.m2\repository\software\amazon\awssdk\crt-core\2.29.39\crt-core-2.29.39.jar;C:\Users\SQE Labs\.m2\repository\software\amazon\awssdk\http-auth\2.29.39\http-auth-2.29.39.jar;C:\Users\SQE Labs\.m2\repository\software\amazon\awssdk\identity-spi\2.29.39\identity-spi-2.29.39.jar;C:\Users\SQE Labs\.m2\repository\software\amazon\awssdk\http-auth-spi\2.29.39\http-auth-spi-2.29.39.jar;C:\Users\SQE Labs\.m2\repository\software\amazon\awssdk\http-auth-aws\2.29.39\http-auth-aws-2.29.39.jar;C:\Users\SQE Labs\.m2\repository\software\amazon\awssdk\checksums\2.29.39\checksums-2.29.39.jar;C:\Users\SQE Labs\.m2\repository\software\amazon\awssdk\checksums-spi\2.29.39\checksums-spi-2.29.39.jar;C:\Users\SQE Labs\.m2\repository\software\amazon\awssdk\retries-spi\2.29.39\retries-spi-2.29.39.jar;C:\Users\SQE Labs\.m2\repository\software\amazon\awssdk\sdk-core\2.29.39\sdk-core-2.29.39.jar;C:\Users\SQE Labs\.m2\repository\software\amazon\awssdk\retries\2.29.39\retries-2.29.39.jar;C:\Users\SQE Labs\.m2\repository\software\amazon\awssdk\auth\2.29.39\auth-2.29.39.jar;C:\Users\SQE Labs\.m2\repository\software\amazon\awssdk\http-auth-aws-eventstream\2.29.39\http-auth-aws-eventstream-2.29.39.jar;C:\Users\SQE Labs\.m2\repository\software\amazon\eventstream\eventstream\1.0.1\eventstream-1.0.1.jar;C:\Users\SQE Labs\.m2\repository\software\amazon\awssdk\http-client-spi\2.29.39\http-client-spi-2.29.39.jar;C:\Users\SQE Labs\.m2\repository\software\amazon\awssdk\regions\2.29.39\regions-2.29.39.jar;C:\Users\SQE Labs\.m2\repository\software\amazon\awssdk\annotations\2.29.39\annotations-2.29.39.jar;C:\Users\SQE Labs\.m2\repository\software\amazon\awssdk\utils\2.29.39\utils-2.29.39.jar;C:\Users\SQE Labs\.m2\repository\software\amazon\awssdk\aws-core\2.29.39\aws-core-2.29.39.jar;C:\Users\SQE Labs\.m2\repository\software\amazon\awssdk\metrics-spi\2.29.39\metrics-spi-2.29.39.jar;C:\Users\SQE Labs\.m2\repository\software\amazon\awssdk\json-utils\2.29.39\json-utils-2.29.39.jar;C:\Users\SQE Labs\.m2\repository\software\amazon\awssdk\third-party-jackson-core\2.29.39\third-party-jackson-core-2.29.39.jar;C:\Users\SQE Labs\.m2\repository\software\amazon\awssdk\endpoints-spi\2.29.39\endpoints-spi-2.29.39.jar;C:\Users\SQE Labs\.m2\repository\software\amazon\awssdk\netty-nio-client\2.29.39\netty-nio-client-2.29.39.jar;C:\Users\SQE Labs\.m2\repository\software\amazon\awssdk\apache-client\2.29.39\apache-client-2.29.39.jar;C:\Users\SQE Labs\.m2\repository\org\slf4j\slf4j-api\2.0.16\slf4j-api-2.0.16.jar;C:\Users\SQE Labs\.m2\repository\ch\qos\logback\logback-classic\1.5.9\logback-classic-1.5.9.jar;C:\Users\SQE Labs\.m2\repository\ch\qos\logback\logback-core\1.5.9\logback-core-1.5.9.jar;C:\Users\SQE Labs\.m2\repository\org\apache\poi\poi\4.1.2\poi-4.1.2.jar;C:\Users\SQE Labs\.m2\repository\org\apache\commons\commons-collections4\4.4\commons-collections4-4.4.jar;C:\Users\SQE Labs\.m2\repository\org\apache\commons\commons-math3\3.6.1\commons-math3-3.6.1.jar;C:\Users\SQE Labs\.m2\repository\com\zaxxer\SparseBitSet\1.2\SparseBitSet-1.2.jar;C:\Users\SQE Labs\.m2\repository\org\apache\poi\poi-ooxml\4.1.2\poi-ooxml-4.1.2.jar;C:\Users\SQE Labs\.m2\repository\org\apache\poi\poi-ooxml-schemas\4.1.2\poi-ooxml-schemas-4.1.2.jar;C:\Users\SQE Labs\.m2\repository\org\apache\xmlbeans\xmlbeans\3.1.0\xmlbeans-3.1.0.jar;C:\Users\SQE Labs\.m2\repository\org\apache\commons\commons-compress\1.19\commons-compress-1.19.jar;C:\Users\SQE Labs\.m2\repository\com\github\virtuald\curvesapi\1.06\curvesapi-1.06.jar;C:\Users\SQE Labs\.m2\repository\org\apache\logging\log4j\log4j-api\2.24.3\log4j-api-2.24.3.jar;C:\Users\SQE Labs\.m2\repository\org\apache\logging\log4j\log4j-core\2.24.3\log4j-core-2.24.3.jar;C:\Users\SQE Labs\.m2\repository\org\apache\commons\commons-lang3\3.1\commons-lang3-3.1.jar;C:\Users\SQE Labs\.m2\repository\commons-io\commons-io\2.7\commons-io-2.7.jar;"/>
    <property name="java.vm.vendor" value="Oracle Corporation"/>
    <property name="sun.arch.data.model" value="64"/>
    <property name="user.variant" value=""/>
    <property name="java.vendor.url" value="https://java.oracle.com/"/>
    <property name="user.timezone" value="Asia/Calcutta"/>
    <property name="suiteXmlFile" value="testng.xml"/>
    <property name="os.name" value="Windows 11"/>
    <property name="java.vm.specification.version" value="21"/>
    <property name="sun.java.launcher" value="SUN_STANDARD"/>
    <property name="user.country" value="IN"/>
    <property name="sun.boot.library.path" value="C:\Program Files\Java\jdk-21\bin"/>
    <property name="sun.java.command" value="C:\Users\SQE Labs\AppData\Local\Temp\surefire14982641297019086670\surefirebooter9699852208528375832.jar C:\Users\SQE Labs\AppData\Local\Temp\surefire14982641297019086670 2025-01-20T15-57-00_605-jvmRun1 surefire15583637287684570606tmp surefire_013001502407777584853tmp"/>
    <property name="jdk.debug" value="release"/>
    <property name="surefire.test.class.path" value="C:\Users\SQE Labs\eclipse-workspace\SeleniumFramework\target\test-classes;C:\Users\SQE Labs\eclipse-workspace\SeleniumFramework\target\classes;C:\Users\SQE Labs\.m2\repository\org\seleniumhq\selenium\selenium-java\4.11.0\selenium-java-4.11.0.jar;C:\Users\SQE Labs\.m2\repository\org\seleniumhq\selenium\selenium-api\4.11.0\selenium-api-4.11.0.jar;C:\Users\SQE Labs\.m2\repository\org\seleniumhq\selenium\selenium-chrome-driver\4.11.0\selenium-chrome-driver-4.11.0.jar;C:\Users\SQE Labs\.m2\repository\com\google\auto\service\auto-service-annotations\1.0.1\auto-service-annotations-1.0.1.jar;C:\Users\SQE Labs\.m2\repository\com\google\guava\guava\31.1-jre\guava-31.1-jre.jar;C:\Users\SQE Labs\.m2\repository\com\google\guava\failureaccess\1.0.1\failureaccess-1.0.1.jar;C:\Users\SQE Labs\.m2\repository\com\google\guava\listenablefuture\9999.0-empty-to-avoid-conflict-with-guava\listenablefuture-9999.0-empty-to-avoid-conflict-with-guava.jar;C:\Users\SQE Labs\.m2\repository\com\google\code\findbugs\jsr305\3.0.2\jsr305-3.0.2.jar;C:\Users\SQE Labs\.m2\repository\org\checkerframework\checker-qual\3.12.0\checker-qual-3.12.0.jar;C:\Users\SQE Labs\.m2\repository\com\google\errorprone\error_prone_annotations\2.11.0\error_prone_annotations-2.11.0.jar;C:\Users\SQE Labs\.m2\repository\com\google\j2objc\j2objc-annotations\1.3\j2objc-annotations-1.3.jar;C:\Users\SQE Labs\.m2\repository\org\seleniumhq\selenium\selenium-chromium-driver\4.11.0\selenium-chromium-driver-4.11.0.jar;C:\Users\SQE Labs\.m2\repository\org\seleniumhq\selenium\selenium-json\4.11.0\selenium-json-4.11.0.jar;C:\Users\SQE Labs\.m2\repository\org\seleniumhq\selenium\selenium-manager\4.11.0\selenium-manager-4.11.0.jar;C:\Users\SQE Labs\.m2\repository\org\seleniumhq\selenium\selenium-devtools-v113\4.11.0\selenium-devtools-v113-4.11.0.jar;C:\Users\SQE Labs\.m2\repository\org\seleniumhq\selenium\selenium-devtools-v114\4.11.0\selenium-devtools-v114-4.11.0.jar;C:\Users\SQE Labs\.m2\repository\org\seleniumhq\selenium\selenium-devtools-v115\4.11.0\selenium-devtools-v115-4.11.0.jar;C:\Users\SQE Labs\.m2\repository\org\seleniumhq\selenium\selenium-devtools-v85\4.11.0\selenium-devtools-v85-4.11.0.jar;C:\Users\SQE Labs\.m2\repository\org\seleniumhq\selenium\selenium-edge-driver\4.11.0\selenium-edge-driver-4.11.0.jar;C:\Users\SQE Labs\.m2\repository\org\seleniumhq\selenium\selenium-firefox-driver\4.11.0\selenium-firefox-driver-4.11.0.jar;C:\Users\SQE Labs\.m2\repository\org\seleniumhq\selenium\selenium-http\4.11.0\selenium-http-4.11.0.jar;C:\Users\SQE Labs\.m2\repository\dev\failsafe\failsafe\3.3.1\failsafe-3.3.1.jar;C:\Users\SQE Labs\.m2\repository\org\seleniumhq\selenium\selenium-ie-driver\4.11.0\selenium-ie-driver-4.11.0.jar;C:\Users\SQE Labs\.m2\repository\org\seleniumhq\selenium\selenium-remote-driver\4.11.0\selenium-remote-driver-4.11.0.jar;C:\Users\SQE Labs\.m2\repository\io\netty\netty-buffer\4.1.92.Final\netty-buffer-4.1.92.Final.jar;C:\Users\SQE Labs\.m2\repository\io\netty\netty-codec-http\4.1.92.Final\netty-codec-http-4.1.92.Final.jar;C:\Users\SQE Labs\.m2\repository\io\netty\netty-codec\4.1.92.Final\netty-codec-4.1.92.Final.jar;C:\Users\SQE Labs\.m2\repository\io\netty\netty-handler\4.1.92.Final\netty-handler-4.1.92.Final.jar;C:\Users\SQE Labs\.m2\repository\io\netty\netty-common\4.1.92.Final\netty-common-4.1.92.Final.jar;C:\Users\SQE Labs\.m2\repository\io\netty\netty-transport-classes-epoll\4.1.92.Final\netty-transport-classes-epoll-4.1.92.Final.jar;C:\Users\SQE Labs\.m2\repository\io\netty\netty-transport-classes-kqueue\4.1.92.Final\netty-transport-classes-kqueue-4.1.92.Final.jar;C:\Users\SQE Labs\.m2\repository\io\netty\netty-transport-native-epoll\4.1.92.Final\netty-transport-native-epoll-4.1.92.Final.jar;C:\Users\SQE Labs\.m2\repository\io\netty\netty-transport-native-kqueue\4.1.92.Final\netty-transport-native-kqueue-4.1.92.Final.jar;C:\Users\SQE Labs\.m2\repository\io\netty\netty-transport-native-unix-common\4.1.92.Final\netty-transport-native-unix-common-4.1.92.Final.jar;C:\Users\SQE Labs\.m2\repository\io\netty\netty-transport\4.1.92.Final\netty-transport-4.1.92.Final.jar;C:\Users\SQE Labs\.m2\repository\io\netty\netty-resolver\4.1.92.Final\netty-resolver-4.1.92.Final.jar;C:\Users\SQE Labs\.m2\repository\io\opentelemetry\opentelemetry-api\1.26.0\opentelemetry-api-1.26.0.jar;C:\Users\SQE Labs\.m2\repository\io\opentelemetry\opentelemetry-context\1.26.0\opentelemetry-context-1.26.0.jar;C:\Users\SQE Labs\.m2\repository\io\opentelemetry\opentelemetry-exporter-logging\1.26.0\opentelemetry-exporter-logging-1.26.0.jar;C:\Users\SQE Labs\.m2\repository\io\opentelemetry\opentelemetry-sdk-metrics\1.26.0\opentelemetry-sdk-metrics-1.26.0.jar;C:\Users\SQE Labs\.m2\repository\io\opentelemetry\opentelemetry-extension-incubator\1.26.0-alpha\opentelemetry-extension-incubator-1.26.0-alpha.jar;C:\Users\SQE Labs\.m2\repository\io\opentelemetry\opentelemetry-sdk-logs\1.26.0-alpha\opentelemetry-sdk-logs-1.26.0-alpha.jar;C:\Users\SQE Labs\.m2\repository\io\opentelemetry\opentelemetry-api-logs\1.26.0-alpha\opentelemetry-api-logs-1.26.0-alpha.jar;C:\Users\SQE Labs\.m2\repository\io\opentelemetry\opentelemetry-api-events\1.26.0-alpha\opentelemetry-api-events-1.26.0-alpha.jar;C:\Users\SQE Labs\.m2\repository\io\opentelemetry\opentelemetry-sdk-common\1.26.0\opentelemetry-sdk-common-1.26.0.jar;C:\Users\SQE Labs\.m2\repository\io\opentelemetry\opentelemetry-sdk-extension-autoconfigure-spi\1.26.0\opentelemetry-sdk-extension-autoconfigure-spi-1.26.0.jar;C:\Users\SQE Labs\.m2\repository\io\opentelemetry\opentelemetry-sdk-extension-autoconfigure\1.26.0-alpha\opentelemetry-sdk-extension-autoconfigure-1.26.0-alpha.jar;C:\Users\SQE Labs\.m2\repository\io\opentelemetry\opentelemetry-sdk-trace\1.26.0\opentelemetry-sdk-trace-1.26.0.jar;C:\Users\SQE Labs\.m2\repository\io\opentelemetry\opentelemetry-sdk\1.26.0\opentelemetry-sdk-1.26.0.jar;C:\Users\SQE Labs\.m2\repository\io\opentelemetry\opentelemetry-semconv\1.26.0-alpha\opentelemetry-semconv-1.26.0-alpha.jar;C:\Users\SQE Labs\.m2\repository\net\bytebuddy\byte-buddy\1.14.4\byte-buddy-1.14.4.jar;C:\Users\SQE Labs\.m2\repository\org\apache\commons\commons-exec\1.3\commons-exec-1.3.jar;C:\Users\SQE Labs\.m2\repository\org\asynchttpclient\async-http-client\2.12.3\async-http-client-2.12.3.jar;C:\Users\SQE Labs\.m2\repository\org\asynchttpclient\async-http-client-netty-utils\2.12.3\async-http-client-netty-utils-2.12.3.jar;C:\Users\SQE Labs\.m2\repository\io\netty\netty-codec-socks\4.1.60.Final\netty-codec-socks-4.1.60.Final.jar;C:\Users\SQE Labs\.m2\repository\io\netty\netty-handler-proxy\4.1.60.Final\netty-handler-proxy-4.1.60.Final.jar;C:\Users\SQE Labs\.m2\repository\io\netty\netty-transport-native-epoll\4.1.60.Final\netty-transport-native-epoll-4.1.60.Final-linux-x86_64.jar;C:\Users\SQE Labs\.m2\repository\io\netty\netty-transport-native-kqueue\4.1.60.Final\netty-transport-native-kqueue-4.1.60.Final-osx-x86_64.jar;C:\Users\SQE Labs\.m2\repository\org\reactivestreams\reactive-streams\1.0.3\reactive-streams-1.0.3.jar;C:\Users\SQE Labs\.m2\repository\com\typesafe\netty\netty-reactive-streams\2.0.4\netty-reactive-streams-2.0.4.jar;C:\Users\SQE Labs\.m2\repository\com\sun\activation\jakarta.activation\1.2.2\jakarta.activation-1.2.2.jar;C:\Users\SQE Labs\.m2\repository\org\seleniumhq\selenium\selenium-safari-driver\4.11.0\selenium-safari-driver-4.11.0.jar;C:\Users\SQE Labs\.m2\repository\org\seleniumhq\selenium\selenium-support\4.11.0\selenium-support-4.11.0.jar;C:\Users\SQE Labs\.m2\repository\org\testng\testng\7.10.2\testng-7.10.2.jar;C:\Users\SQE Labs\.m2\repository\com\beust\jcommander\1.82\jcommander-1.82.jar;C:\Users\SQE Labs\.m2\repository\org\webjars\jquery\3.7.1\jquery-3.7.1.jar;C:\Users\SQE Labs\.m2\repository\org\apache\httpcomponents\httpclient\4.5.13\httpclient-4.5.13.jar;C:\Users\SQE Labs\.m2\repository\org\apache\httpcomponents\httpcore\4.4.13\httpcore-4.4.13.jar;C:\Users\SQE Labs\.m2\repository\commons-logging\commons-logging\1.2\commons-logging-1.2.jar;C:\Users\SQE Labs\.m2\repository\commons-codec\commons-codec\1.11\commons-codec-1.11.jar;C:\Users\SQE Labs\.m2\repository\com\aventstack\chaintest-testng\1.0.5-SNAPSHOT\chaintest-testng-1.0.5-SNAPSHOT.jar;C:\Users\SQE Labs\.m2\repository\com\aventstack\chaintest-core\1.0.5-SNAPSHOT\chaintest-core-1.0.5-SNAPSHOT.jar;C:\Users\SQE Labs\.m2\repository\com\fasterxml\jackson\core\jackson-databind\2.18.0\jackson-databind-2.18.0.jar;C:\Users\SQE Labs\.m2\repository\com\fasterxml\jackson\core\jackson-annotations\2.18.0\jackson-annotations-2.18.0.jar;C:\Users\SQE Labs\.m2\repository\com\fasterxml\jackson\core\jackson-core\2.18.0\jackson-core-2.18.0.jar;C:\Users\SQE Labs\.m2\repository\org\yaml\snakeyaml\2.3\snakeyaml-2.3.jar;C:\Users\SQE Labs\.m2\repository\org\freemarker\freemarker\2.3.33\freemarker-2.3.33.jar;C:\Users\SQE Labs\.m2\repository\com\azure\azure-storage-blob\12.28.0\azure-storage-blob-12.28.0.jar;C:\Users\SQE Labs\.m2\repository\com\azure\azure-core\1.52.0\azure-core-1.52.0.jar;C:\Users\SQE Labs\.m2\repository\com\fasterxml\jackson\datatype\jackson-datatype-jsr310\2.17.2\jackson-datatype-jsr310-2.17.2.jar;C:\Users\SQE Labs\.m2\repository\io\projectreactor\reactor-core\3.4.38\reactor-core-3.4.38.jar;C:\Users\SQE Labs\.m2\repository\com\azure\azure-core-http-netty\1.15.4\azure-core-http-netty-1.15.4.jar;C:\Users\SQE Labs\.m2\repository\io\netty\netty-codec-http2\4.1.110.Final\netty-codec-http2-4.1.110.Final.jar;C:\Users\SQE Labs\.m2\repository\io\netty\netty-tcnative-boringssl-static\2.0.65.Final\netty-tcnative-boringssl-static-2.0.65.Final.jar;C:\Users\SQE Labs\.m2\repository\io\netty\netty-tcnative-classes\2.0.65.Final\netty-tcnative-classes-2.0.65.Final.jar;C:\Users\SQE Labs\.m2\repository\io\netty\netty-tcnative-boringssl-static\2.0.65.Final\netty-tcnative-boringssl-static-2.0.65.Final-linux-x86_64.jar;C:\Users\SQE Labs\.m2\repository\io\netty\netty-tcnative-boringssl-static\2.0.65.Final\netty-tcnative-boringssl-static-2.0.65.Final-linux-aarch_64.jar;C:\Users\SQE Labs\.m2\repository\io\netty\netty-tcnative-boringssl-static\2.0.65.Final\netty-tcnative-boringssl-static-2.0.65.Final-osx-x86_64.jar;C:\Users\SQE Labs\.m2\repository\io\netty\netty-tcnative-boringssl-static\2.0.65.Final\netty-tcnative-boringssl-static-2.0.65.Final-osx-aarch_64.jar;C:\Users\SQE Labs\.m2\repository\io\netty\netty-tcnative-boringssl-static\2.0.65.Final\netty-tcnative-boringssl-static-2.0.65.Final-windows-x86_64.jar;C:\Users\SQE Labs\.m2\repository\io\projectreactor\netty\reactor-netty-http\1.0.45\reactor-netty-http-1.0.45.jar;C:\Users\SQE Labs\.m2\repository\io\netty\netty-resolver-dns\4.1.109.Final\netty-resolver-dns-4.1.109.Final.jar;C:\Users\SQE Labs\.m2\repository\io\netty\netty-codec-dns\4.1.109.Final\netty-codec-dns-4.1.109.Final.jar;C:\Users\SQE Labs\.m2\repository\io\netty\netty-resolver-dns-native-macos\4.1.109.Final\netty-resolver-dns-native-macos-4.1.109.Final-osx-x86_64.jar;C:\Users\SQE Labs\.m2\repository\io\netty\netty-resolver-dns-classes-macos\4.1.109.Final\netty-resolver-dns-classes-macos-4.1.109.Final.jar;C:\Users\SQE Labs\.m2\repository\io\projectreactor\netty\reactor-netty-core\1.0.45\reactor-netty-core-1.0.45.jar;C:\Users\SQE Labs\.m2\repository\com\azure\azure-storage-internal-avro\12.13.0\azure-storage-internal-avro-12.13.0.jar;C:\Users\SQE Labs\.m2\repository\com\azure\azure-xml\1.1.0\azure-xml-1.1.0.jar;C:\Users\SQE Labs\.m2\repository\com\azure\azure-storage-common\12.28.0\azure-storage-common-12.28.0.jar;C:\Users\SQE Labs\.m2\repository\com\azure\azure-identity\1.13.3\azure-identity-1.13.3.jar;C:\Users\SQE Labs\.m2\repository\com\azure\azure-json\1.3.0\azure-json-1.3.0.jar;C:\Users\SQE Labs\.m2\repository\com\microsoft\azure\msal4j\1.17.1\msal4j-1.17.1.jar;C:\Users\SQE Labs\.m2\repository\com\nimbusds\oauth2-oidc-sdk\11.18\oauth2-oidc-sdk-11.18.jar;C:\Users\SQE Labs\.m2\repository\com\github\stephenc\jcip\jcip-annotations\1.0-1\jcip-annotations-1.0-1.jar;C:\Users\SQE Labs\.m2\repository\com\nimbusds\content-type\2.3\content-type-2.3.jar;C:\Users\SQE Labs\.m2\repository\com\nimbusds\lang-tag\1.7\lang-tag-1.7.jar;C:\Users\SQE Labs\.m2\repository\com\nimbusds\nimbus-jose-jwt\9.40\nimbus-jose-jwt-9.40.jar;C:\Users\SQE Labs\.m2\repository\net\minidev\json-smart\2.5.0\json-smart-2.5.0.jar;C:\Users\SQE Labs\.m2\repository\net\minidev\accessors-smart\2.5.0\accessors-smart-2.5.0.jar;C:\Users\SQE Labs\.m2\repository\org\ow2\asm\asm\9.3\asm-9.3.jar;C:\Users\SQE Labs\.m2\repository\com\microsoft\azure\msal4j-persistence-extension\1.3.0\msal4j-persistence-extension-1.3.0.jar;C:\Users\SQE Labs\.m2\repository\net\java\dev\jna\jna\5.13.0\jna-5.13.0.jar;C:\Users\SQE Labs\.m2\repository\net\java\dev\jna\jna-platform\5.6.0\jna-platform-5.6.0.jar;C:\Users\SQE Labs\.m2\repository\software\amazon\awssdk\s3\2.29.39\s3-2.29.39.jar;C:\Users\SQE Labs\.m2\repository\software\amazon\awssdk\aws-xml-protocol\2.29.39\aws-xml-protocol-2.29.39.jar;C:\Users\SQE Labs\.m2\repository\software\amazon\awssdk\aws-query-protocol\2.29.39\aws-query-protocol-2.29.39.jar;C:\Users\SQE Labs\.m2\repository\software\amazon\awssdk\protocol-core\2.29.39\protocol-core-2.29.39.jar;C:\Users\SQE Labs\.m2\repository\software\amazon\awssdk\arns\2.29.39\arns-2.29.39.jar;C:\Users\SQE Labs\.m2\repository\software\amazon\awssdk\profiles\2.29.39\profiles-2.29.39.jar;C:\Users\SQE Labs\.m2\repository\software\amazon\awssdk\crt-core\2.29.39\crt-core-2.29.39.jar;C:\Users\SQE Labs\.m2\repository\software\amazon\awssdk\http-auth\2.29.39\http-auth-2.29.39.jar;C:\Users\SQE Labs\.m2\repository\software\amazon\awssdk\identity-spi\2.29.39\identity-spi-2.29.39.jar;C:\Users\SQE Labs\.m2\repository\software\amazon\awssdk\http-auth-spi\2.29.39\http-auth-spi-2.29.39.jar;C:\Users\SQE Labs\.m2\repository\software\amazon\awssdk\http-auth-aws\2.29.39\http-auth-aws-2.29.39.jar;C:\Users\SQE Labs\.m2\repository\software\amazon\awssdk\checksums\2.29.39\checksums-2.29.39.jar;C:\Users\SQE Labs\.m2\repository\software\amazon\awssdk\checksums-spi\2.29.39\checksums-spi-2.29.39.jar;C:\Users\SQE Labs\.m2\repository\software\amazon\awssdk\retries-spi\2.29.39\retries-spi-2.29.39.jar;C:\Users\SQE Labs\.m2\repository\software\amazon\awssdk\sdk-core\2.29.39\sdk-core-2.29.39.jar;C:\Users\SQE Labs\.m2\repository\software\amazon\awssdk\retries\2.29.39\retries-2.29.39.jar;C:\Users\SQE Labs\.m2\repository\software\amazon\awssdk\auth\2.29.39\auth-2.29.39.jar;C:\Users\SQE Labs\.m2\repository\software\amazon\awssdk\http-auth-aws-eventstream\2.29.39\http-auth-aws-eventstream-2.29.39.jar;C:\Users\SQE Labs\.m2\repository\software\amazon\eventstream\eventstream\1.0.1\eventstream-1.0.1.jar;C:\Users\SQE Labs\.m2\repository\software\amazon\awssdk\http-client-spi\2.29.39\http-client-spi-2.29.39.jar;C:\Users\SQE Labs\.m2\repository\software\amazon\awssdk\regions\2.29.39\regions-2.29.39.jar;C:\Users\SQE Labs\.m2\repository\software\amazon\awssdk\annotations\2.29.39\annotations-2.29.39.jar;C:\Users\SQE Labs\.m2\repository\software\amazon\awssdk\utils\2.29.39\utils-2.29.39.jar;C:\Users\SQE Labs\.m2\repository\software\amazon\awssdk\aws-core\2.29.39\aws-core-2.29.39.jar;C:\Users\SQE Labs\.m2\repository\software\amazon\awssdk\metrics-spi\2.29.39\metrics-spi-2.29.39.jar;C:\Users\SQE Labs\.m2\repository\software\amazon\awssdk\json-utils\2.29.39\json-utils-2.29.39.jar;C:\Users\SQE Labs\.m2\repository\software\amazon\awssdk\third-party-jackson-core\2.29.39\third-party-jackson-core-2.29.39.jar;C:\Users\SQE Labs\.m2\repository\software\amazon\awssdk\endpoints-spi\2.29.39\endpoints-spi-2.29.39.jar;C:\Users\SQE Labs\.m2\repository\software\amazon\awssdk\netty-nio-client\2.29.39\netty-nio-client-2.29.39.jar;C:\Users\SQE Labs\.m2\repository\software\amazon\awssdk\apache-client\2.29.39\apache-client-2.29.39.jar;C:\Users\SQE Labs\.m2\repository\org\slf4j\slf4j-api\2.0.16\slf4j-api-2.0.16.jar;C:\Users\SQE Labs\.m2\repository\ch\qos\logback\logback-classic\1.5.9\logback-classic-1.5.9.jar;C:\Users\SQE Labs\.m2\repository\ch\qos\logback\logback-core\1.5.9\logback-core-1.5.9.jar;C:\Users\SQE Labs\.m2\repository\org\apache\poi\poi\4.1.2\poi-4.1.2.jar;C:\Users\SQE Labs\.m2\repository\org\apache\commons\commons-collections4\4.4\commons-collections4-4.4.jar;C:\Users\SQE Labs\.m2\repository\org\apache\commons\commons-math3\3.6.1\commons-math3-3.6.1.jar;C:\Users\SQE Labs\.m2\repository\com\zaxxer\SparseBitSet\1.2\SparseBitSet-1.2.jar;C:\Users\SQE Labs\.m2\repository\org\apache\poi\poi-ooxml\4.1.2\poi-ooxml-4.1.2.jar;C:\Users\SQE Labs\.m2\repository\org\apache\poi\poi-ooxml-schemas\4.1.2\poi-ooxml-schemas-4.1.2.jar;C:\Users\SQE Labs\.m2\repository\org\apache\xmlbeans\xmlbeans\3.1.0\xmlbeans-3.1.0.jar;C:\Users\SQE Labs\.m2\repository\org\apache\commons\commons-compress\1.19\commons-compress-1.19.jar;C:\Users\SQE Labs\.m2\repository\com\github\virtuald\curvesapi\1.06\curvesapi-1.06.jar;C:\Users\SQE Labs\.m2\repository\org\apache\logging\log4j\log4j-api\2.24.3\log4j-api-2.24.3.jar;C:\Users\SQE Labs\.m2\repository\org\apache\logging\log4j\log4j-core\2.24.3\log4j-core-2.24.3.jar;C:\Users\SQE Labs\.m2\repository\org\apache\commons\commons-lang3\3.1\commons-lang3-3.1.jar;C:\Users\SQE Labs\.m2\repository\commons-io\commons-io\2.7\commons-io-2.7.jar;"/>
    <property name="sun.cpu.endian" value="little"/>
    <property name="user.home" value="C:\Users\SQE Labs"/>
    <property name="user.language" value="en"/>
    <property name="java.specification.vendor" value="Oracle Corporation"/>
    <property name="java.version.date" value="2024-10-15"/>
    <property name="java.home" value="C:\Program Files\Java\jdk-21"/>
    <property name="file.separator" value="\"/>
    <property name="basedir" value="C:\Users\SQE Labs\eclipse-workspace\SeleniumFramework"/>
    <property name="java.vm.compressedOopsMode" value="Zero based"/>
    <property name="line.separator" value="&#10;"/>
    <property name="java.vm.specification.vendor" value="Oracle Corporation"/>
    <property name="java.specification.name" value="Java Platform API Specification"/>
    <property name="surefire.real.class.path" value="C:\Users\SQE Labs\AppData\Local\Temp\surefire14982641297019086670\surefirebooter9699852208528375832.jar"/>
    <property name="user.script" value=""/>
    <property name="sun.management.compiler" value="HotSpot 64-Bit Tiered Compilers"/>
    <property name="java.runtime.version" value="21.0.5+9-LTS-239"/>
    <property name="user.name" value="SQE Labs"/>
    <property name="stdout.encoding" value="Cp1252"/>
    <property name="path.separator" value=";"/>
    <property name="os.version" value="10.0"/>
    <property name="java.runtime.name" value="Java(TM) SE Runtime Environment"/>
    <property name="file.encoding" value="UTF-8"/>
    <property name="browser" value="chrome"/>
    <property name="java.vm.name" value="Java HotSpot(TM) 64-Bit Server VM"/>
    <property name="localRepository" value="C:\Users\SQE Labs\.m2\repository"/>
    <property name="java.vendor.url.bug" value="https://bugreport.java.com/bugreport/"/>
    <property name="java.io.tmpdir" value="C:\Users\SQELAB~1\AppData\Local\Temp\"/>
    <property name="java.version" value="21.0.5"/>
    <property name="user.dir" value="C:\Users\SQE Labs\eclipse-workspace\SeleniumFramework"/>
    <property name="os.arch" value="amd64"/>
    <property name="java.vm.specification.name" value="Java Virtual Machine Specification"/>
    <property name="env" value="qa"/>
    <property name="sun.os.patch.level" value=""/>
    <property name="headless" value="false"/>
    <property name="native.encoding" value="Cp1252"/>
    <property name="java.library.path" value="C:\Program Files\Java\jdk-21\bin;C:\WINDOWS\Sun\Java\bin;C:\WINDOWS\system32;C:\WINDOWS;C:\Program Files\Common Files\Oracle\Java\javapath;C:\Program Files\Eclipse Adoptium\jdk-11.0.24.8-hotspot\bin;C:\WINDOWS\system32;C:\WINDOWS;C:\WINDOWS\System32\Wbem;C:\WINDOWS\System32\WindowsPowerShell\v1.0\;C:\WINDOWS\System32\OpenSSH\;C:\Program Files\Java\jdk-21\bin;C:\Program Files\nodejs\;C:\Program Files\Git\cmd;C:\Program Files\TortoiseGit\bin;C:\Program Files\Docker\Docker\resources\bin;C:\Program Files\apache-maven-3.8.8-bin\apache-maven-3.8.8\bin;C:\Users\SQE Labs\AppData\Local\Microsoft\WindowsApps;C:\Users\SQE Labs\AppData\Roaming\npm;C:\Users\SQE Labs\AppData\Local\Programs\Microsoft VS Code\bin;."/>
    <property name="java.vm.info" value="mixed mode, sharing"/>
    <property name="stderr.encoding" value="Cp1252"/>
    <property name="java.vendor" value="Oracle Corporation"/>
    <property name="java.vm.version" value="21.0.5+9-LTS-239"/>
    <property name="sun.io.unicode.encoding" value="UnicodeLittle"/>
    <property name="java.class.version" value="65.0"/>
  </properties>
  <testcase name="Login" classname="qa.tests.LoginPage" time="8.254">
    <system-out><![CDATA[15:57:01.903 [main] DEBUG org.testng.TestNG -- suiteXmlPath: "C:\Users\SQE Labs\eclipse-workspace\SeleniumFramework\testng.xml"
15:57:02.491 [main] DEBUG com.aventstack.chaintest.service.ChainPluginService -- Found configuration entry chaintest.generator.email.enabled, will use chaintest.generator.email.class-name to resolve class
15:57:02.493 [main] DEBUG com.aventstack.chaintest.service.ChainPluginService -- Found configuration entry chaintest.generator.chainlp.enabled, will use chaintest.generator.chainlp.class-name to resolve class
15:57:02.494 [main] DEBUG com.aventstack.chaintest.service.ChainPluginService -- Found configuration entry chaintest.generator.simple.enabled, will use chaintest.generator.simple.class-name to resolve class
15:57:02.495 [main] DEBUG com.aventstack.chaintest.generator.FileGenerator -- Loading template index.ftl for class class com.aventstack.chaintest.generator.ChainTestEmailGenerator with basePackagePath email/
15:57:03.051 [main] DEBUG com.aventstack.chaintest.http.HttpRetryHandler -- Creating HttpRetryHandler instance for 3 retry attempts
15:57:03.113 [main] DEBUG com.aventstack.chaintest.http.ChainTestApiClient -- Created request for entity Build with body: {"id":0,"projectId":0,"projectName":"Sample","startedAt":1737368823051,"endedAt":0,"durationMs":0,"executionStage":"IN_PROGRESS","testRunner":"testng","name":null,"result":"PASSED","tagStatsMonitor":{},"tags":[],"gitRepository":null,"gitBranch":null,"gitCommitHash":null,"gitTags":null,"gitCommitMessage":null,"systemInfo":[{"id":0,"name":"java.version","val":"21.0.5"},{"id":0,"name":"java.vm.name","val":"Java HotSpot(TM) 64-Bit Server VM"},{"id":0,"name":"java.vm.vendor","val":"Oracle Corporation"},{"id":0,"name":"java.class.version","val":"65.0"},{"id":0,"name":"java.runtime.name","val":"Java(TM) SE Runtime Environment"},{"id":0,"name":"os.name","val":"Windows 11"},{"id":0,"name":"os.arch","val":"amd64"},{"id":0,"name":"os.version","val":"10.0"}],"bdd":false,"durationPretty":"0ms"}
15:57:03.237 [HttpClient-1-Worker-2] DEBUG com.aventstack.chaintest.http.JsonMappedBodyHandler -- Received response from service: {"id":133,"projectId":2,"name":null,"number":null,"projectName":"Sample","buildstats":null,"tagStats":null,"systemInfo":[{"name":"os.name","val":"Windows 11"},{"name":"os.version","val":"10.0"},{"name":"os.arch","val":"amd64"},{"name":"java.class.version","val":"65.0"},{"name":"java.vm.name","val":"Java HotSpot(TM) 64-Bit Server VM"},{"name":"java.vm.vendor","val":"Oracle Corporation"},{"name":"java.runtime.name","val":"Java(TM) SE Runtime Environment"},{"name":"java.version","val":"21.0.5"}],"startedAt":1737368823051,"endedAt":0,"durationMs":0,"executionStage":"IN_PROGRESS","testRunner":"testng","result":"PASSED","tags":[],"bdd":false}
15:57:03.282 [main] DEBUG com.aventstack.chaintest.http.HttpRetryHandler -- Create API returned responseCode: 200
15:57:03.282 [main] DEBUG com.aventstack.chaintest.generator.ChainLPGenerator -- All tests in this run will be associated with buildId: 133
15:57:03.284 [main] DEBUG com.aventstack.chaintest.generator.FileGenerator -- Loading template index.ftl for class class com.aventstack.chaintest.generator.ChainTestSimpleGenerator with basePackagePath simple
15:57:03.391 [main] INFO pageObjects.PageObjectManager -- Creating a new instance of PageObjectManager.
15:57:03.391 [main] INFO pageObjects.PageObjectManager -- Initializing PageObjectManager.
15:57:03.395 [main] DEBUG pageObjects.PageObjectManager -- LoginPageEvents instance created.
15:57:03.396 [main] DEBUG pageObjects.PageObjectManager -- HomePageEvents instance created.
15:57:03.396 [main] DEBUG pageObjects.PageObjectManager -- Returning LoginPageEvents instance.
15:57:03.396 [main] DEBUG pageObjects.PageObjectManager -- Returning HomePageEvents instance.
15:57:04.598 [main] DEBUG io.netty.util.internal.logging.InternalLoggerFactory -- Using SLF4J as the default logging framework
15:57:04.600 [main] DEBUG io.netty.util.ResourceLeakDetector -- -Dio.netty.leakDetection.level: simple
15:57:04.600 [main] DEBUG io.netty.util.ResourceLeakDetector -- -Dio.netty.leakDetection.targetRecords: 4
15:57:04.607 [main] DEBUG io.netty.util.ResourceLeakDetectorFactory -- Loaded default ResourceLeakDetector: io.netty.util.ResourceLeakDetector@7c8f9c2e
15:57:04.621 [main] DEBUG io.netty.util.internal.PlatformDependent0 -- -Dio.netty.noUnsafe: false
15:57:04.621 [main] DEBUG io.netty.util.internal.PlatformDependent0 -- Java version: 21
15:57:04.622 [main] DEBUG io.netty.util.internal.PlatformDependent0 -- sun.misc.Unsafe.theUnsafe: available
15:57:04.623 [main] DEBUG io.netty.util.internal.PlatformDependent0 -- sun.misc.Unsafe.copyMemory: available
15:57:04.624 [main] DEBUG io.netty.util.internal.PlatformDependent0 -- sun.misc.Unsafe.storeFence: available
15:57:04.626 [main] DEBUG io.netty.util.internal.PlatformDependent0 -- java.nio.Buffer.address: available
15:57:04.628 [main] DEBUG io.netty.util.internal.PlatformDependent0 -- direct buffer constructor: unavailable: java.nio.DirectByteBuffer.<init>(long,int)
15:57:04.629 [main] DEBUG io.netty.util.internal.PlatformDependent0 -- java.nio.Bits.unaligned: available, true
15:57:04.630 [main] DEBUG io.netty.util.internal.PlatformDependent0 -- jdk.internal.misc.Unsafe.allocateUninitializedArray(int): unavailable: class io.netty.util.internal.PlatformDependent0$7 cannot access class jdk.internal.misc.Unsafe (in module java.base) because module java.base does not export jdk.internal.misc to unnamed module @7a5ceedd
15:57:04.631 [main] DEBUG io.netty.util.internal.PlatformDependent0 -- java.nio.DirectByteBuffer.<init>(long, int): unavailable
15:57:04.631 [main] DEBUG io.netty.util.internal.PlatformDependent -- sun.misc.Unsafe: available
15:57:04.633 [main] DEBUG io.netty.util.internal.PlatformDependent -- maxDirectMemory: 4223664128 bytes (maybe)
15:57:04.633 [main] DEBUG io.netty.util.internal.PlatformDependent -- -Dio.netty.tmpdir: C:\Users\SQELAB~1\AppData\Local\Temp (java.io.tmpdir)
15:57:04.634 [main] DEBUG io.netty.util.internal.PlatformDependent -- -Dio.netty.bitMode: 64 (sun.arch.data.model)
15:57:04.634 [main] DEBUG io.netty.util.internal.PlatformDependent -- Platform: Windows
15:57:04.635 [main] DEBUG io.netty.util.internal.PlatformDependent -- -Dio.netty.maxDirectMemory: -1 bytes
15:57:04.635 [main] DEBUG io.netty.util.internal.PlatformDependent -- -Dio.netty.uninitializedArrayAllocationThreshold: -1
15:57:04.636 [main] DEBUG io.netty.util.internal.CleanerJava9 -- java.nio.ByteBuffer.cleaner(): available
15:57:04.637 [main] DEBUG io.netty.util.internal.PlatformDependent -- -Dio.netty.noPreferDirect: false
15:57:04.644 [main] DEBUG io.netty.util.internal.PlatformDependent -- org.jctools-core.MpscChunkedArrayQueue: available
15:57:04.671 [main] DEBUG io.netty.util.internal.InternalThreadLocalMap -- -Dio.netty.threadLocalMap.stringBuilder.initialSize: 1024
15:57:04.673 [main] DEBUG io.netty.util.internal.InternalThreadLocalMap -- -Dio.netty.threadLocalMap.stringBuilder.maxSize: 4096
15:57:04.686 [main] DEBUG io.netty.handler.ssl.JdkSslContext -- Default protocols (JDK): [TLSv1.3, TLSv1.2] 
15:57:04.686 [main] DEBUG io.netty.handler.ssl.JdkSslContext -- Default cipher suites (JDK): [TLS_ECDHE_ECDSA_WITH_AES_256_GCM_SHA384, TLS_ECDHE_ECDSA_WITH_AES_128_GCM_SHA256, TLS_ECDHE_RSA_WITH_AES_128_GCM_SHA256, TLS_ECDHE_RSA_WITH_AES_256_GCM_SHA384, TLS_ECDHE_RSA_WITH_AES_128_CBC_SHA, TLS_ECDHE_RSA_WITH_AES_256_CBC_SHA, TLS_RSA_WITH_AES_128_GCM_SHA256, TLS_RSA_WITH_AES_128_CBC_SHA, TLS_RSA_WITH_AES_256_CBC_SHA, TLS_AES_128_GCM_SHA256, TLS_AES_256_GCM_SHA384]
15:57:04.695 [main] DEBUG io.netty.util.concurrent.GlobalEventExecutor -- -Dio.netty.globalEventExecutor.quietPeriodSeconds: 1
15:57:04.706 [main] DEBUG io.netty.channel.MultithreadEventLoopGroup -- -Dio.netty.eventLoopThreads: 24
15:57:04.711 [main] DEBUG io.netty.channel.nio.NioEventLoop -- -Dio.netty.noKeySetOptimization: false
15:57:04.712 [main] DEBUG io.netty.channel.nio.NioEventLoop -- -Dio.netty.selectorAutoRebuildThreshold: 512
15:57:04.755 [main] DEBUG io.netty.buffer.PooledByteBufAllocator -- -Dio.netty.allocator.numHeapArenas: 24
15:57:04.755 [main] DEBUG io.netty.buffer.PooledByteBufAllocator -- -Dio.netty.allocator.numDirectArenas: 24
15:57:04.755 [main] DEBUG io.netty.buffer.PooledByteBufAllocator -- -Dio.netty.allocator.pageSize: 8192
15:57:04.755 [main] DEBUG io.netty.buffer.PooledByteBufAllocator -- -Dio.netty.allocator.maxOrder: 9
15:57:04.755 [main] DEBUG io.netty.buffer.PooledByteBufAllocator -- -Dio.netty.allocator.chunkSize: 4194304
15:57:04.755 [main] DEBUG io.netty.buffer.PooledByteBufAllocator -- -Dio.netty.allocator.smallCacheSize: 256
15:57:04.755 [main] DEBUG io.netty.buffer.PooledByteBufAllocator -- -Dio.netty.allocator.normalCacheSize: 64
15:57:04.755 [main] DEBUG io.netty.buffer.PooledByteBufAllocator -- -Dio.netty.allocator.maxCachedBufferCapacity: 32768
15:57:04.755 [main] DEBUG io.netty.buffer.PooledByteBufAllocator -- -Dio.netty.allocator.cacheTrimInterval: 8192
15:57:04.755 [main] DEBUG io.netty.buffer.PooledByteBufAllocator -- -Dio.netty.allocator.cacheTrimIntervalMillis: 0
15:57:04.755 [main] DEBUG io.netty.buffer.PooledByteBufAllocator -- -Dio.netty.allocator.useCacheForAllThreads: false
15:57:04.755 [main] DEBUG io.netty.buffer.PooledByteBufAllocator -- -Dio.netty.allocator.maxCachedByteBuffersPerChunk: 1023
15:57:04.764 [main] DEBUG io.netty.buffer.ByteBufUtil -- -Dio.netty.allocator.type: pooled
15:57:04.764 [main] DEBUG io.netty.buffer.ByteBufUtil -- -Dio.netty.threadLocalDirectBufferSize: 0
15:57:04.764 [main] DEBUG io.netty.buffer.ByteBufUtil -- -Dio.netty.maxThreadLocalCharBufferSize: 16384
15:57:04.959 [Forwarding newSession on session null to remote] DEBUG io.netty.channel.DefaultChannelId -- -Dio.netty.processId: 23224 (auto-detected)
15:57:04.960 [Forwarding newSession on session null to remote] DEBUG io.netty.util.NetUtil -- -Djava.net.preferIPv4Stack: false
15:57:04.960 [Forwarding newSession on session null to remote] DEBUG io.netty.util.NetUtil -- -Djava.net.preferIPv6Addresses: false
15:57:04.963 [Forwarding newSession on session null to remote] DEBUG io.netty.util.NetUtilInitializations -- Loopback interface: loopback_0 (Software Loopback Interface 1, 0:0:0:0:0:0:0:1)
15:57:04.963 [Forwarding newSession on session null to remote] DEBUG io.netty.util.NetUtil -- Failed to get SOMAXCONN from sysctl and file \proc\sys\net\core\somaxconn. Default: 200
15:57:04.965 [Forwarding newSession on session null to remote] DEBUG io.netty.channel.DefaultChannelId -- -Dio.netty.machineId: 00:15:5d:ff:fe:68:f9:26 (auto-detected)
15:57:04.994 [AsyncHttpClient-1-2] DEBUG io.netty.buffer.AbstractByteBuf -- -Dio.netty.buffer.checkAccessible: true
15:57:04.994 [AsyncHttpClient-1-2] DEBUG io.netty.buffer.AbstractByteBuf -- -Dio.netty.buffer.checkBounds: true
15:57:04.994 [AsyncHttpClient-1-2] DEBUG io.netty.util.ResourceLeakDetectorFactory -- Loaded default ResourceLeakDetector: io.netty.util.ResourceLeakDetector@188b53d0
15:57:05.007 [AsyncHttpClient-1-2] DEBUG org.asynchttpclient.netty.channel.NettyConnectListener -- Using new Channel '[id: 0x0a50ccb5, L:/127.0.0.1:59690 - R:localhost/127.0.0.1:32294]' for 'POST' to '/session'
15:57:05.025 [AsyncHttpClient-1-2] DEBUG io.netty.util.Recycler -- -Dio.netty.recycler.maxCapacityPerThread: 4096
15:57:05.025 [AsyncHttpClient-1-2] DEBUG io.netty.util.Recycler -- -Dio.netty.recycler.ratio: 8
15:57:05.025 [AsyncHttpClient-1-2] DEBUG io.netty.util.Recycler -- -Dio.netty.recycler.chunkSize: 32
15:57:05.025 [AsyncHttpClient-1-2] DEBUG io.netty.util.Recycler -- -Dio.netty.recycler.blocking: false
15:57:05.026 [AsyncHttpClient-1-2] DEBUG io.netty.util.Recycler -- -Dio.netty.recycler.batchFastThreadLocalOnly: true
15:57:05.768 [AsyncHttpClient-1-2] DEBUG io.netty.handler.codec.compression.Brotli -- brotli4j not in the classpath; Brotli support will be unavailable.
15:57:05.768 [AsyncHttpClient-1-2] DEBUG org.asynchttpclient.netty.handler.HttpHandler -- 

Request DefaultHttpRequest(decodeResult: success, version: HTTP/1.1)
POST /session HTTP/1.1
User-Agent: selenium/4.11.0 (java windows)
Content-Length: 336
Content-Type: application/json; charset=utf-8
host: localhost:32294
accept: */*

Response DefaultHttpResponse(decodeResult: success, version: HTTP/1.1)
HTTP/1.1 200 OK
Content-Length: 886
Content-Type: application/json; charset=utf-8
cache-control: no-cache

15:57:05.775 [AsyncHttpClient-1-2] DEBUG org.asynchttpclient.netty.channel.ChannelManager -- Adding key: http://localhost:32294 for channel [id: 0x0a50ccb5, L:/127.0.0.1:59690 - R:localhost/127.0.0.1:32294]
15:57:05.849 [AsyncHttpClient-1-3] DEBUG org.asynchttpclient.netty.channel.NettyConnectListener -- Using new Channel '[id: 0xfc2fc088, L:/127.0.0.1:59698 - R:localhost/127.0.0.1:59691]' for 'GET' to '/json/version'
15:57:05.853 [AsyncHttpClient-1-3] DEBUG org.asynchttpclient.netty.handler.HttpHandler -- 

Request DefaultFullHttpRequest(decodeResult: success, version: HTTP/1.1, content: EmptyByteBufBE)
GET /json/version HTTP/1.1
User-Agent: selenium/4.11.0 (java windows)
host: localhost:59691
accept: */*

Response DefaultHttpResponse(decodeResult: success, version: HTTP/1.1)
HTTP/1.1 200 OK
Content-Security-Policy: frame-ancestors 'none'
Content-Length: 424
Content-Type: application/json; charset=UTF-8

15:57:05.853 [AsyncHttpClient-1-3] DEBUG org.asynchttpclient.netty.channel.ChannelManager -- Adding key: http://localhost:59691 for channel [id: 0xfc2fc088, L:/127.0.0.1:59698 - R:localhost/127.0.0.1:59691]
15:57:05.867 [main] DEBUG io.netty.util.internal.ThreadLocalRandom -- -Dio.netty.initialSeedUniquifier: 0xb6991febe31021e9
15:57:05.874 [AsyncHttpClient-1-4] DEBUG org.asynchttpclient.netty.channel.NettyConnectListener -- Using new Channel '[id: 0x9737b3c6, L:/127.0.0.1:59699 - R:localhost/127.0.0.1:59691]' for 'GET' to '/devtools/browser/be22ddea-54bc-4655-8328-03f416c6ec87'
15:57:05.886 [AsyncHttpClient-1-4] DEBUG org.asynchttpclient.netty.handler.WebSocketHandler -- 

Request DefaultFullHttpRequest(decodeResult: success, version: HTTP/1.1, content: EmptyByteBufBE)
GET /devtools/browser/be22ddea-54bc-4655-8328-03f416c6ec87 HTTP/1.1
upgrade: websocket
connection: upgrade
sec-websocket-key: Va16VOpGmyks52dcbX+1/A==
sec-websocket-version: 13
origin: http://localhost:59691
host: localhost:59691
accept: */*
user-agent: AHC/2.1

Response DefaultHttpResponse(decodeResult: success, version: HTTP/1.1)
HTTP/1.1 101 WebSocket Protocol Handshake
Upgrade: WebSocket
Connection: Upgrade
Sec-WebSocket-Accept: PNRLbHlhv9ry5oNG9peSsW/g3lA=

15:57:05.918 [Forwarding maximizeCurrentWindow on session 6938da2cc9c91a86a0544aa3b6bdb7f9 to remote] DEBUG org.asynchttpclient.netty.request.NettyRequestSender -- Using pooled Channel '[id: 0x0a50ccb5, L:/127.0.0.1:59690 - R:localhost/127.0.0.1:32294]' for 'POST' to 'http://localhost:32294/session/6938da2cc9c91a86a0544aa3b6bdb7f9/window/maximize'
15:57:05.918 [Forwarding maximizeCurrentWindow on session 6938da2cc9c91a86a0544aa3b6bdb7f9 to remote] DEBUG org.asynchttpclient.netty.request.NettyRequestSender -- Using open Channel [id: 0x0a50ccb5, L:/127.0.0.1:59690 - R:localhost/127.0.0.1:32294] for POST '/session/6938da2cc9c91a86a0544aa3b6bdb7f9/window/maximize'
15:57:05.953 [AsyncHttpClient-1-2] DEBUG org.asynchttpclient.netty.handler.HttpHandler -- 

Request DefaultHttpRequest(decodeResult: success, version: HTTP/1.1)
POST /session/6938da2cc9c91a86a0544aa3b6bdb7f9/window/maximize HTTP/1.1
User-Agent: selenium/4.11.0 (java windows)
Content-Length: 3
Content-Type: application/json; charset=utf-8
host: localhost:32294
accept: */*

Response DefaultHttpResponse(decodeResult: success, version: HTTP/1.1)
HTTP/1.1 200 OK
Content-Length: 51
Content-Type: application/json; charset=utf-8
cache-control: no-cache

15:57:05.953 [AsyncHttpClient-1-2] DEBUG org.asynchttpclient.netty.channel.ChannelManager -- Adding key: http://localhost:32294 for channel [id: 0x0a50ccb5, L:/127.0.0.1:59690 - R:localhost/127.0.0.1:32294]
15:57:05.957 [Forwarding get on session 6938da2cc9c91a86a0544aa3b6bdb7f9 to remote] DEBUG org.asynchttpclient.netty.request.NettyRequestSender -- Using pooled Channel '[id: 0x0a50ccb5, L:/127.0.0.1:59690 - R:localhost/127.0.0.1:32294]' for 'POST' to 'http://localhost:32294/session/6938da2cc9c91a86a0544aa3b6bdb7f9/url'
15:57:05.957 [Forwarding get on session 6938da2cc9c91a86a0544aa3b6bdb7f9 to remote] DEBUG org.asynchttpclient.netty.request.NettyRequestSender -- Using open Channel [id: 0x0a50ccb5, L:/127.0.0.1:59690 - R:localhost/127.0.0.1:32294] for POST '/session/6938da2cc9c91a86a0544aa3b6bdb7f9/url'
15:57:06.858 [AsyncHttpClient-1-1] DEBUG org.asynchttpclient.netty.channel.DefaultChannelPool -- Entry count for : http://localhost:59691 : 1
15:57:07.967 [AsyncHttpClient-1-1] DEBUG org.asynchttpclient.netty.channel.DefaultChannelPool -- Entry count for : http://localhost:59691 : 1
15:57:09.059 [AsyncHttpClient-1-1] DEBUG org.asynchttpclient.netty.channel.DefaultChannelPool -- Entry count for : http://localhost:59691 : 1
15:57:10.162 [AsyncHttpClient-1-1] DEBUG org.asynchttpclient.netty.channel.DefaultChannelPool -- Entry count for : http://localhost:59691 : 1
15:57:11.270 [AsyncHttpClient-1-1] DEBUG org.asynchttpclient.netty.channel.DefaultChannelPool -- Entry count for : http://localhost:59691 : 1
15:57:12.362 [AsyncHttpClient-1-1] DEBUG org.asynchttpclient.netty.channel.DefaultChannelPool -- Entry count for : http://localhost:59691 : 1
15:57:13.471 [AsyncHttpClient-1-1] DEBUG org.asynchttpclient.netty.channel.DefaultChannelPool -- Entry count for : http://localhost:59691 : 1
15:57:14.566 [AsyncHttpClient-1-1] DEBUG org.asynchttpclient.netty.channel.DefaultChannelPool -- Entry count for : http://localhost:59691 : 1
15:57:15.675 [AsyncHttpClient-1-1] DEBUG org.asynchttpclient.netty.channel.DefaultChannelPool -- Entry count for : http://localhost:59691 : 1
15:57:16.759 [AsyncHttpClient-1-1] DEBUG org.asynchttpclient.netty.channel.DefaultChannelPool -- Entry count for : http://localhost:59691 : 1
15:57:17.021 [AsyncHttpClient-1-2] DEBUG org.asynchttpclient.netty.handler.HttpHandler -- 

Request DefaultHttpRequest(decodeResult: success, version: HTTP/1.1)
POST /session/6938da2cc9c91a86a0544aa3b6bdb7f9/url HTTP/1.1
User-Agent: selenium/4.11.0 (java windows)
Content-Length: 85
Content-Type: application/json; charset=utf-8
host: localhost:32294
accept: */*

Response DefaultHttpResponse(decodeResult: success, version: HTTP/1.1)
HTTP/1.1 200 OK
Content-Length: 14
Content-Type: application/json; charset=utf-8
cache-control: no-cache

15:57:17.024 [AsyncHttpClient-1-2] DEBUG org.asynchttpclient.netty.channel.ChannelManager -- Adding key: http://localhost:32294 for channel [id: 0x0a50ccb5, L:/127.0.0.1:59690 - R:localhost/127.0.0.1:32294]
15:57:17.027 [Forwarding setTimeout on session 6938da2cc9c91a86a0544aa3b6bdb7f9 to remote] DEBUG org.asynchttpclient.netty.request.NettyRequestSender -- Using pooled Channel '[id: 0x0a50ccb5, L:/127.0.0.1:59690 - R:localhost/127.0.0.1:32294]' for 'POST' to 'http://localhost:32294/session/6938da2cc9c91a86a0544aa3b6bdb7f9/timeouts'
15:57:17.029 [Forwarding setTimeout on session 6938da2cc9c91a86a0544aa3b6bdb7f9 to remote] DEBUG org.asynchttpclient.netty.request.NettyRequestSender -- Using open Channel [id: 0x0a50ccb5, L:/127.0.0.1:59690 - R:localhost/127.0.0.1:32294] for POST '/session/6938da2cc9c91a86a0544aa3b6bdb7f9/timeouts'
15:57:17.037 [AsyncHttpClient-1-2] DEBUG org.asynchttpclient.netty.handler.HttpHandler -- 

Request DefaultHttpRequest(decodeResult: success, version: HTTP/1.1)
POST /session/6938da2cc9c91a86a0544aa3b6bdb7f9/timeouts HTTP/1.1
User-Agent: selenium/4.11.0 (java windows)
Content-Length: 23
Content-Type: application/json; charset=utf-8
host: localhost:32294
accept: */*

Response DefaultHttpResponse(decodeResult: success, version: HTTP/1.1)
HTTP/1.1 200 OK
Content-Length: 14
Content-Type: application/json; charset=utf-8
cache-control: no-cache

15:57:17.037 [AsyncHttpClient-1-2] DEBUG org.asynchttpclient.netty.channel.ChannelManager -- Adding key: http://localhost:32294 for channel [id: 0x0a50ccb5, L:/127.0.0.1:59690 - R:localhost/127.0.0.1:32294]
15:57:17.060 [Forwarding findElement on session 6938da2cc9c91a86a0544aa3b6bdb7f9 to remote] DEBUG org.asynchttpclient.netty.request.NettyRequestSender -- Using pooled Channel '[id: 0x0a50ccb5, L:/127.0.0.1:59690 - R:localhost/127.0.0.1:32294]' for 'POST' to 'http://localhost:32294/session/6938da2cc9c91a86a0544aa3b6bdb7f9/element'
15:57:17.060 [Forwarding findElement on session 6938da2cc9c91a86a0544aa3b6bdb7f9 to remote] DEBUG org.asynchttpclient.netty.request.NettyRequestSender -- Using open Channel [id: 0x0a50ccb5, L:/127.0.0.1:59690 - R:localhost/127.0.0.1:32294] for POST '/session/6938da2cc9c91a86a0544aa3b6bdb7f9/element'
15:57:17.092 [AsyncHttpClient-1-2] DEBUG org.asynchttpclient.netty.handler.HttpHandler -- 

Request DefaultHttpRequest(decodeResult: success, version: HTTP/1.1)
POST /session/6938da2cc9c91a86a0544aa3b6bdb7f9/element HTTP/1.1
User-Agent: selenium/4.11.0 (java windows)
Content-Length: 66
Content-Type: application/json; charset=utf-8
host: localhost:32294
accept: */*

Response DefaultHttpResponse(decodeResult: success, version: HTTP/1.1)
HTTP/1.1 200 OK
Content-Length: 126
Content-Type: application/json; charset=utf-8
cache-control: no-cache

15:57:17.092 [AsyncHttpClient-1-2] DEBUG org.asynchttpclient.netty.channel.ChannelManager -- Adding key: http://localhost:32294 for channel [id: 0x0a50ccb5, L:/127.0.0.1:59690 - R:localhost/127.0.0.1:32294]
15:57:17.127 [Forwarding isElementDisplayed on session 6938da2cc9c91a86a0544aa3b6bdb7f9 to remote] DEBUG org.asynchttpclient.netty.request.NettyRequestSender -- Using pooled Channel '[id: 0x0a50ccb5, L:/127.0.0.1:59690 - R:localhost/127.0.0.1:32294]' for 'POST' to 'http://localhost:32294/session/6938da2cc9c91a86a0544aa3b6bdb7f9/execute/sync'
15:57:17.127 [Forwarding isElementDisplayed on session 6938da2cc9c91a86a0544aa3b6bdb7f9 to remote] DEBUG org.asynchttpclient.netty.request.NettyRequestSender -- Using open Channel [id: 0x0a50ccb5, L:/127.0.0.1:59690 - R:localhost/127.0.0.1:32294] for POST '/session/6938da2cc9c91a86a0544aa3b6bdb7f9/execute/sync'
15:57:17.169 [AsyncHttpClient-1-2] DEBUG org.asynchttpclient.netty.handler.HttpHandler -- 

Request DefaultHttpRequest(decodeResult: success, version: HTTP/1.1)
POST /session/6938da2cc9c91a86a0544aa3b6bdb7f9/execute/sync HTTP/1.1
User-Agent: selenium/4.11.0 (java windows)
Content-Length: 48845
Content-Type: application/json; charset=utf-8
host: localhost:32294
accept: */*

Response DefaultHttpResponse(decodeResult: success, version: HTTP/1.1)
HTTP/1.1 200 OK
Content-Length: 14
Content-Type: application/json; charset=utf-8
cache-control: no-cache

15:57:17.169 [AsyncHttpClient-1-2] DEBUG org.asynchttpclient.netty.channel.ChannelManager -- Adding key: http://localhost:32294 for channel [id: 0x0a50ccb5, L:/127.0.0.1:59690 - R:localhost/127.0.0.1:32294]
15:57:17.175 [Forwarding clearElement on session 6938da2cc9c91a86a0544aa3b6bdb7f9 to remote] DEBUG org.asynchttpclient.netty.request.NettyRequestSender -- Using pooled Channel '[id: 0x0a50ccb5, L:/127.0.0.1:59690 - R:localhost/127.0.0.1:32294]' for 'POST' to 'http://localhost:32294/session/6938da2cc9c91a86a0544aa3b6bdb7f9/element/f.68A0F64C72A0E3D4AF7713B3C4F16E6D.d.DCF383D1E52B4C922B9EFC9CE9B868CA.e.21/clear'
15:57:17.175 [Forwarding clearElement on session 6938da2cc9c91a86a0544aa3b6bdb7f9 to remote] DEBUG org.asynchttpclient.netty.request.NettyRequestSender -- Using open Channel [id: 0x0a50ccb5, L:/127.0.0.1:59690 - R:localhost/127.0.0.1:32294] for POST '/session/6938da2cc9c91a86a0544aa3b6bdb7f9/element/f.68A0F64C72A0E3D4AF7713B3C4F16E6D.d.DCF383D1E52B4C922B9EFC9CE9B868CA.e.21/clear'
15:57:17.250 [AsyncHttpClient-1-2] DEBUG org.asynchttpclient.netty.handler.HttpHandler -- 

Request DefaultHttpRequest(decodeResult: success, version: HTTP/1.1)
POST /session/6938da2cc9c91a86a0544aa3b6bdb7f9/element/f.68A0F64C72A0E3D4AF7713B3C4F16E6D.d.DCF383D1E52B4C922B9EFC9CE9B868CA.e.21/clear HTTP/1.1
User-Agent: selenium/4.11.0 (java windows)
Content-Length: 88
Content-Type: application/json; charset=utf-8
host: localhost:32294
accept: */*

Response DefaultHttpResponse(decodeResult: success, version: HTTP/1.1)
HTTP/1.1 200 OK
Content-Length: 14
Content-Type: application/json; charset=utf-8
cache-control: no-cache

15:57:17.250 [AsyncHttpClient-1-2] DEBUG org.asynchttpclient.netty.channel.ChannelManager -- Adding key: http://localhost:32294 for channel [id: 0x0a50ccb5, L:/127.0.0.1:59690 - R:localhost/127.0.0.1:32294]
15:57:17.257 [Forwarding sendKeysToElement on session 6938da2cc9c91a86a0544aa3b6bdb7f9 to remote] DEBUG org.asynchttpclient.netty.request.NettyRequestSender -- Using pooled Channel '[id: 0x0a50ccb5, L:/127.0.0.1:59690 - R:localhost/127.0.0.1:32294]' for 'POST' to 'http://localhost:32294/session/6938da2cc9c91a86a0544aa3b6bdb7f9/element/f.68A0F64C72A0E3D4AF7713B3C4F16E6D.d.DCF383D1E52B4C922B9EFC9CE9B868CA.e.21/value'
15:57:17.257 [Forwarding sendKeysToElement on session 6938da2cc9c91a86a0544aa3b6bdb7f9 to remote] DEBUG org.asynchttpclient.netty.request.NettyRequestSender -- Using open Channel [id: 0x0a50ccb5, L:/127.0.0.1:59690 - R:localhost/127.0.0.1:32294] for POST '/session/6938da2cc9c91a86a0544aa3b6bdb7f9/element/f.68A0F64C72A0E3D4AF7713B3C4F16E6D.d.DCF383D1E52B4C922B9EFC9CE9B868CA.e.21/value'
15:57:17.397 [AsyncHttpClient-1-2] DEBUG org.asynchttpclient.netty.handler.HttpHandler -- 

Request DefaultHttpRequest(decodeResult: success, version: HTTP/1.1)
POST /session/6938da2cc9c91a86a0544aa3b6bdb7f9/element/f.68A0F64C72A0E3D4AF7713B3C4F16E6D.d.DCF383D1E52B4C922B9EFC9CE9B868CA.e.21/value HTTP/1.1
User-Agent: selenium/4.11.0 (java windows)
Content-Length: 219
Content-Type: application/json; charset=utf-8
host: localhost:32294
accept: */*

Response DefaultHttpResponse(decodeResult: success, version: HTTP/1.1)
HTTP/1.1 200 OK
Content-Length: 14
Content-Type: application/json; charset=utf-8
cache-control: no-cache

15:57:17.399 [AsyncHttpClient-1-2] DEBUG org.asynchttpclient.netty.channel.ChannelManager -- Adding key: http://localhost:32294 for channel [id: 0x0a50ccb5, L:/127.0.0.1:59690 - R:localhost/127.0.0.1:32294]
15:57:17.399 [Forwarding findElement on session 6938da2cc9c91a86a0544aa3b6bdb7f9 to remote] DEBUG org.asynchttpclient.netty.request.NettyRequestSender -- Using pooled Channel '[id: 0x0a50ccb5, L:/127.0.0.1:59690 - R:localhost/127.0.0.1:32294]' for 'POST' to 'http://localhost:32294/session/6938da2cc9c91a86a0544aa3b6bdb7f9/element'
15:57:17.399 [Forwarding findElement on session 6938da2cc9c91a86a0544aa3b6bdb7f9 to remote] DEBUG org.asynchttpclient.netty.request.NettyRequestSender -- Using open Channel [id: 0x0a50ccb5, L:/127.0.0.1:59690 - R:localhost/127.0.0.1:32294] for POST '/session/6938da2cc9c91a86a0544aa3b6bdb7f9/element'
15:57:17.415 [AsyncHttpClient-1-2] DEBUG org.asynchttpclient.netty.handler.HttpHandler -- 

Request DefaultHttpRequest(decodeResult: success, version: HTTP/1.1)
POST /session/6938da2cc9c91a86a0544aa3b6bdb7f9/element HTTP/1.1
User-Agent: selenium/4.11.0 (java windows)
Content-Length: 66
Content-Type: application/json; charset=utf-8
host: localhost:32294
accept: */*

Response DefaultHttpResponse(decodeResult: success, version: HTTP/1.1)
HTTP/1.1 200 OK
Content-Length: 126
Content-Type: application/json; charset=utf-8
cache-control: no-cache

15:57:17.415 [AsyncHttpClient-1-2] DEBUG org.asynchttpclient.netty.channel.ChannelManager -- Adding key: http://localhost:32294 for channel [id: 0x0a50ccb5, L:/127.0.0.1:59690 - R:localhost/127.0.0.1:32294]
15:57:17.415 [Forwarding isElementDisplayed on session 6938da2cc9c91a86a0544aa3b6bdb7f9 to remote] DEBUG org.asynchttpclient.netty.request.NettyRequestSender -- Using pooled Channel '[id: 0x0a50ccb5, L:/127.0.0.1:59690 - R:localhost/127.0.0.1:32294]' for 'POST' to 'http://localhost:32294/session/6938da2cc9c91a86a0544aa3b6bdb7f9/execute/sync'
15:57:17.415 [Forwarding isElementDisplayed on session 6938da2cc9c91a86a0544aa3b6bdb7f9 to remote] DEBUG org.asynchttpclient.netty.request.NettyRequestSender -- Using open Channel [id: 0x0a50ccb5, L:/127.0.0.1:59690 - R:localhost/127.0.0.1:32294] for POST '/session/6938da2cc9c91a86a0544aa3b6bdb7f9/execute/sync'
15:57:17.432 [AsyncHttpClient-1-2] DEBUG org.asynchttpclient.netty.handler.HttpHandler -- 

Request DefaultHttpRequest(decodeResult: success, version: HTTP/1.1)
POST /session/6938da2cc9c91a86a0544aa3b6bdb7f9/execute/sync HTTP/1.1
User-Agent: selenium/4.11.0 (java windows)
Content-Length: 48845
Content-Type: application/json; charset=utf-8
host: localhost:32294
accept: */*

Response DefaultHttpResponse(decodeResult: success, version: HTTP/1.1)
HTTP/1.1 200 OK
Content-Length: 14
Content-Type: application/json; charset=utf-8
cache-control: no-cache

15:57:17.432 [AsyncHttpClient-1-2] DEBUG org.asynchttpclient.netty.channel.ChannelManager -- Adding key: http://localhost:32294 for channel [id: 0x0a50ccb5, L:/127.0.0.1:59690 - R:localhost/127.0.0.1:32294]
15:57:17.441 [Forwarding clearElement on session 6938da2cc9c91a86a0544aa3b6bdb7f9 to remote] DEBUG org.asynchttpclient.netty.request.NettyRequestSender -- Using pooled Channel '[id: 0x0a50ccb5, L:/127.0.0.1:59690 - R:localhost/127.0.0.1:32294]' for 'POST' to 'http://localhost:32294/session/6938da2cc9c91a86a0544aa3b6bdb7f9/element/f.68A0F64C72A0E3D4AF7713B3C4F16E6D.d.DCF383D1E52B4C922B9EFC9CE9B868CA.e.22/clear'
15:57:17.441 [Forwarding clearElement on session 6938da2cc9c91a86a0544aa3b6bdb7f9 to remote] DEBUG org.asynchttpclient.netty.request.NettyRequestSender -- Using open Channel [id: 0x0a50ccb5, L:/127.0.0.1:59690 - R:localhost/127.0.0.1:32294] for POST '/session/6938da2cc9c91a86a0544aa3b6bdb7f9/element/f.68A0F64C72A0E3D4AF7713B3C4F16E6D.d.DCF383D1E52B4C922B9EFC9CE9B868CA.e.22/clear'
15:57:17.466 [AsyncHttpClient-1-2] DEBUG org.asynchttpclient.netty.handler.HttpHandler -- 

Request DefaultHttpRequest(decodeResult: success, version: HTTP/1.1)
POST /session/6938da2cc9c91a86a0544aa3b6bdb7f9/element/f.68A0F64C72A0E3D4AF7713B3C4F16E6D.d.DCF383D1E52B4C922B9EFC9CE9B868CA.e.22/clear HTTP/1.1
User-Agent: selenium/4.11.0 (java windows)
Content-Length: 88
Content-Type: application/json; charset=utf-8
host: localhost:32294
accept: */*

Response DefaultHttpResponse(decodeResult: success, version: HTTP/1.1)
HTTP/1.1 200 OK
Content-Length: 14
Content-Type: application/json; charset=utf-8
cache-control: no-cache

15:57:17.466 [AsyncHttpClient-1-2] DEBUG org.asynchttpclient.netty.channel.ChannelManager -- Adding key: http://localhost:32294 for channel [id: 0x0a50ccb5, L:/127.0.0.1:59690 - R:localhost/127.0.0.1:32294]
15:57:17.466 [Forwarding sendKeysToElement on session 6938da2cc9c91a86a0544aa3b6bdb7f9 to remote] DEBUG org.asynchttpclient.netty.request.NettyRequestSender -- Using pooled Channel '[id: 0x0a50ccb5, L:/127.0.0.1:59690 - R:localhost/127.0.0.1:32294]' for 'POST' to 'http://localhost:32294/session/6938da2cc9c91a86a0544aa3b6bdb7f9/element/f.68A0F64C72A0E3D4AF7713B3C4F16E6D.d.DCF383D1E52B4C922B9EFC9CE9B868CA.e.22/value'
15:57:17.466 [Forwarding sendKeysToElement on session 6938da2cc9c91a86a0544aa3b6bdb7f9 to remote] DEBUG org.asynchttpclient.netty.request.NettyRequestSender -- Using open Channel [id: 0x0a50ccb5, L:/127.0.0.1:59690 - R:localhost/127.0.0.1:32294] for POST '/session/6938da2cc9c91a86a0544aa3b6bdb7f9/element/f.68A0F64C72A0E3D4AF7713B3C4F16E6D.d.DCF383D1E52B4C922B9EFC9CE9B868CA.e.22/value'
15:57:17.549 [AsyncHttpClient-1-2] DEBUG org.asynchttpclient.netty.handler.HttpHandler -- 

Request DefaultHttpRequest(decodeResult: success, version: HTTP/1.1)
POST /session/6938da2cc9c91a86a0544aa3b6bdb7f9/element/f.68A0F64C72A0E3D4AF7713B3C4F16E6D.d.DCF383D1E52B4C922B9EFC9CE9B868CA.e.22/value HTTP/1.1
User-Agent: selenium/4.11.0 (java windows)
Content-Length: 199
Content-Type: application/json; charset=utf-8
host: localhost:32294
accept: */*

Response DefaultHttpResponse(decodeResult: success, version: HTTP/1.1)
HTTP/1.1 200 OK
Content-Length: 14
Content-Type: application/json; charset=utf-8
cache-control: no-cache

15:57:17.549 [AsyncHttpClient-1-2] DEBUG org.asynchttpclient.netty.channel.ChannelManager -- Adding key: http://localhost:32294 for channel [id: 0x0a50ccb5, L:/127.0.0.1:59690 - R:localhost/127.0.0.1:32294]
15:57:17.551 [Forwarding findElement on session 6938da2cc9c91a86a0544aa3b6bdb7f9 to remote] DEBUG org.asynchttpclient.netty.request.NettyRequestSender -- Using pooled Channel '[id: 0x0a50ccb5, L:/127.0.0.1:59690 - R:localhost/127.0.0.1:32294]' for 'POST' to 'http://localhost:32294/session/6938da2cc9c91a86a0544aa3b6bdb7f9/element'
15:57:17.551 [Forwarding findElement on session 6938da2cc9c91a86a0544aa3b6bdb7f9 to remote] DEBUG org.asynchttpclient.netty.request.NettyRequestSender -- Using open Channel [id: 0x0a50ccb5, L:/127.0.0.1:59690 - R:localhost/127.0.0.1:32294] for POST '/session/6938da2cc9c91a86a0544aa3b6bdb7f9/element'
15:57:17.568 [AsyncHttpClient-1-2] DEBUG org.asynchttpclient.netty.handler.HttpHandler -- 

Request DefaultHttpRequest(decodeResult: success, version: HTTP/1.1)
POST /session/6938da2cc9c91a86a0544aa3b6bdb7f9/element HTTP/1.1
User-Agent: selenium/4.11.0 (java windows)
Content-Length: 104
Content-Type: application/json; charset=utf-8
host: localhost:32294
accept: */*

Response DefaultHttpResponse(decodeResult: success, version: HTTP/1.1)
HTTP/1.1 200 OK
Content-Length: 126
Content-Type: application/json; charset=utf-8
cache-control: no-cache

15:57:17.569 [AsyncHttpClient-1-2] DEBUG org.asynchttpclient.netty.channel.ChannelManager -- Adding key: http://localhost:32294 for channel [id: 0x0a50ccb5, L:/127.0.0.1:59690 - R:localhost/127.0.0.1:32294]
15:57:17.572 [Forwarding isElementDisplayed on session 6938da2cc9c91a86a0544aa3b6bdb7f9 to remote] DEBUG org.asynchttpclient.netty.request.NettyRequestSender -- Using pooled Channel '[id: 0x0a50ccb5, L:/127.0.0.1:59690 - R:localhost/127.0.0.1:32294]' for 'POST' to 'http://localhost:32294/session/6938da2cc9c91a86a0544aa3b6bdb7f9/execute/sync'
15:57:17.572 [Forwarding isElementDisplayed on session 6938da2cc9c91a86a0544aa3b6bdb7f9 to remote] DEBUG org.asynchttpclient.netty.request.NettyRequestSender -- Using open Channel [id: 0x0a50ccb5, L:/127.0.0.1:59690 - R:localhost/127.0.0.1:32294] for POST '/session/6938da2cc9c91a86a0544aa3b6bdb7f9/execute/sync'
15:57:17.585 [AsyncHttpClient-1-2] DEBUG org.asynchttpclient.netty.handler.HttpHandler -- 

Request DefaultHttpRequest(decodeResult: success, version: HTTP/1.1)
POST /session/6938da2cc9c91a86a0544aa3b6bdb7f9/execute/sync HTTP/1.1
User-Agent: selenium/4.11.0 (java windows)
Content-Length: 48845
Content-Type: application/json; charset=utf-8
host: localhost:32294
accept: */*

Response DefaultHttpResponse(decodeResult: success, version: HTTP/1.1)
HTTP/1.1 200 OK
Content-Length: 14
Content-Type: application/json; charset=utf-8
cache-control: no-cache

15:57:17.585 [AsyncHttpClient-1-2] DEBUG org.asynchttpclient.netty.channel.ChannelManager -- Adding key: http://localhost:32294 for channel [id: 0x0a50ccb5, L:/127.0.0.1:59690 - R:localhost/127.0.0.1:32294]
15:57:17.590 [Forwarding isElementEnabled on session 6938da2cc9c91a86a0544aa3b6bdb7f9 to remote] DEBUG org.asynchttpclient.netty.request.NettyRequestSender -- Using pooled Channel '[id: 0x0a50ccb5, L:/127.0.0.1:59690 - R:localhost/127.0.0.1:32294]' for 'GET' to 'http://localhost:32294/session/6938da2cc9c91a86a0544aa3b6bdb7f9/element/f.68A0F64C72A0E3D4AF7713B3C4F16E6D.d.DCF383D1E52B4C922B9EFC9CE9B868CA.e.38/enabled'
15:57:17.590 [Forwarding isElementEnabled on session 6938da2cc9c91a86a0544aa3b6bdb7f9 to remote] DEBUG org.asynchttpclient.netty.request.NettyRequestSender -- Using open Channel [id: 0x0a50ccb5, L:/127.0.0.1:59690 - R:localhost/127.0.0.1:32294] for GET '/session/6938da2cc9c91a86a0544aa3b6bdb7f9/element/f.68A0F64C72A0E3D4AF7713B3C4F16E6D.d.DCF383D1E52B4C922B9EFC9CE9B868CA.e.38/enabled'
15:57:17.612 [AsyncHttpClient-1-2] DEBUG org.asynchttpclient.netty.handler.HttpHandler -- 

Request DefaultFullHttpRequest(decodeResult: success, version: HTTP/1.1, content: EmptyByteBufBE)
GET /session/6938da2cc9c91a86a0544aa3b6bdb7f9/element/f.68A0F64C72A0E3D4AF7713B3C4F16E6D.d.DCF383D1E52B4C922B9EFC9CE9B868CA.e.38/enabled HTTP/1.1
User-Agent: selenium/4.11.0 (java windows)
Cache-Control: no-cache
Content-Type: application/json; charset=utf-8
host: localhost:32294
accept: */*

Response DefaultHttpResponse(decodeResult: success, version: HTTP/1.1)
HTTP/1.1 200 OK
Content-Length: 14
Content-Type: application/json; charset=utf-8
cache-control: no-cache

15:57:17.612 [AsyncHttpClient-1-2] DEBUG org.asynchttpclient.netty.channel.ChannelManager -- Adding key: http://localhost:32294 for channel [id: 0x0a50ccb5, L:/127.0.0.1:59690 - R:localhost/127.0.0.1:32294]
15:57:17.616 [Forwarding clickElement on session 6938da2cc9c91a86a0544aa3b6bdb7f9 to remote] DEBUG org.asynchttpclient.netty.request.NettyRequestSender -- Using pooled Channel '[id: 0x0a50ccb5, L:/127.0.0.1:59690 - R:localhost/127.0.0.1:32294]' for 'POST' to 'http://localhost:32294/session/6938da2cc9c91a86a0544aa3b6bdb7f9/element/f.68A0F64C72A0E3D4AF7713B3C4F16E6D.d.DCF383D1E52B4C922B9EFC9CE9B868CA.e.38/click'
15:57:17.616 [Forwarding clickElement on session 6938da2cc9c91a86a0544aa3b6bdb7f9 to remote] DEBUG org.asynchttpclient.netty.request.NettyRequestSender -- Using open Channel [id: 0x0a50ccb5, L:/127.0.0.1:59690 - R:localhost/127.0.0.1:32294] for POST '/session/6938da2cc9c91a86a0544aa3b6bdb7f9/element/f.68A0F64C72A0E3D4AF7713B3C4F16E6D.d.DCF383D1E52B4C922B9EFC9CE9B868CA.e.38/click'
15:57:17.704 [AsyncHttpClient-1-2] DEBUG org.asynchttpclient.netty.handler.HttpHandler -- 

Request DefaultHttpRequest(decodeResult: success, version: HTTP/1.1)
POST /session/6938da2cc9c91a86a0544aa3b6bdb7f9/element/f.68A0F64C72A0E3D4AF7713B3C4F16E6D.d.DCF383D1E52B4C922B9EFC9CE9B868CA.e.38/click HTTP/1.1
User-Agent: selenium/4.11.0 (java windows)
Content-Length: 88
Content-Type: application/json; charset=utf-8
host: localhost:32294
accept: */*

Response DefaultHttpResponse(decodeResult: success, version: HTTP/1.1)
HTTP/1.1 200 OK
Content-Length: 14
Content-Type: application/json; charset=utf-8
cache-control: no-cache

15:57:17.706 [AsyncHttpClient-1-2] DEBUG org.asynchttpclient.netty.channel.ChannelManager -- Adding key: http://localhost:32294 for channel [id: 0x0a50ccb5, L:/127.0.0.1:59690 - R:localhost/127.0.0.1:32294]
15:57:17.706 [Forwarding findElement on session 6938da2cc9c91a86a0544aa3b6bdb7f9 to remote] DEBUG org.asynchttpclient.netty.request.NettyRequestSender -- Using pooled Channel '[id: 0x0a50ccb5, L:/127.0.0.1:59690 - R:localhost/127.0.0.1:32294]' for 'POST' to 'http://localhost:32294/session/6938da2cc9c91a86a0544aa3b6bdb7f9/element'
15:57:17.706 [Forwarding findElement on session 6938da2cc9c91a86a0544aa3b6bdb7f9 to remote] DEBUG org.asynchttpclient.netty.request.NettyRequestSender -- Using open Channel [id: 0x0a50ccb5, L:/127.0.0.1:59690 - R:localhost/127.0.0.1:32294] for POST '/session/6938da2cc9c91a86a0544aa3b6bdb7f9/element'
15:57:17.861 [AsyncHttpClient-1-1] DEBUG org.asynchttpclient.netty.channel.DefaultChannelPool -- Entry count for : http://localhost:59691 : 1
15:57:18.958 [AsyncHttpClient-1-1] DEBUG org.asynchttpclient.netty.channel.DefaultChannelPool -- Entry count for : http://localhost:59691 : 1
15:57:20.062 [AsyncHttpClient-1-1] DEBUG org.asynchttpclient.netty.channel.DefaultChannelPool -- Entry count for : http://localhost:59691 : 1
15:57:21.158 [AsyncHttpClient-1-1] DEBUG org.asynchttpclient.netty.channel.DefaultChannelPool -- Entry count for : http://localhost:59691 : 1
15:57:22.262 [AsyncHttpClient-1-1] DEBUG org.asynchttpclient.netty.channel.DefaultChannelPool -- Entry count for : http://localhost:59691 : 1
15:57:23.415 [AsyncHttpClient-1-1] DEBUG org.asynchttpclient.netty.channel.DefaultChannelPool -- Entry count for : http://localhost:59691 : 1
15:57:24.458 [AsyncHttpClient-1-1] DEBUG org.asynchttpclient.netty.channel.DefaultChannelPool -- Entry count for : http://localhost:59691 : 1
15:57:25.211 [AsyncHttpClient-1-2] DEBUG org.asynchttpclient.netty.handler.HttpHandler -- 

Request DefaultHttpRequest(decodeResult: success, version: HTTP/1.1)
POST /session/6938da2cc9c91a86a0544aa3b6bdb7f9/element HTTP/1.1
User-Agent: selenium/4.11.0 (java windows)
Content-Length: 93
Content-Type: application/json; charset=utf-8
host: localhost:32294
accept: */*

Response DefaultHttpResponse(decodeResult: success, version: HTTP/1.1)
HTTP/1.1 200 OK
Content-Length: 126
Content-Type: application/json; charset=utf-8
cache-control: no-cache

15:57:25.211 [AsyncHttpClient-1-2] DEBUG org.asynchttpclient.netty.channel.ChannelManager -- Adding key: http://localhost:32294 for channel [id: 0x0a50ccb5, L:/127.0.0.1:59690 - R:localhost/127.0.0.1:32294]
15:57:25.216 [Forwarding isElementDisplayed on session 6938da2cc9c91a86a0544aa3b6bdb7f9 to remote] DEBUG org.asynchttpclient.netty.request.NettyRequestSender -- Using pooled Channel '[id: 0x0a50ccb5, L:/127.0.0.1:59690 - R:localhost/127.0.0.1:32294]' for 'POST' to 'http://localhost:32294/session/6938da2cc9c91a86a0544aa3b6bdb7f9/execute/sync'
15:57:25.219 [Forwarding isElementDisplayed on session 6938da2cc9c91a86a0544aa3b6bdb7f9 to remote] DEBUG org.asynchttpclient.netty.request.NettyRequestSender -- Using open Channel [id: 0x0a50ccb5, L:/127.0.0.1:59690 - R:localhost/127.0.0.1:32294] for POST '/session/6938da2cc9c91a86a0544aa3b6bdb7f9/execute/sync'
15:57:25.238 [AsyncHttpClient-1-2] DEBUG org.asynchttpclient.netty.handler.HttpHandler -- 

Request DefaultHttpRequest(decodeResult: success, version: HTTP/1.1)
POST /session/6938da2cc9c91a86a0544aa3b6bdb7f9/execute/sync HTTP/1.1
User-Agent: selenium/4.11.0 (java windows)
Content-Length: 48845
Content-Type: application/json; charset=utf-8
host: localhost:32294
accept: */*

Response DefaultHttpResponse(decodeResult: success, version: HTTP/1.1)
HTTP/1.1 200 OK
Content-Length: 14
Content-Type: application/json; charset=utf-8
cache-control: no-cache

15:57:25.238 [AsyncHttpClient-1-2] DEBUG org.asynchttpclient.netty.channel.ChannelManager -- Adding key: http://localhost:32294 for channel [id: 0x0a50ccb5, L:/127.0.0.1:59690 - R:localhost/127.0.0.1:32294]
15:57:25.245 [Forwarding getElementText on session 6938da2cc9c91a86a0544aa3b6bdb7f9 to remote] DEBUG org.asynchttpclient.netty.request.NettyRequestSender -- Using pooled Channel '[id: 0x0a50ccb5, L:/127.0.0.1:59690 - R:localhost/127.0.0.1:32294]' for 'GET' to 'http://localhost:32294/session/6938da2cc9c91a86a0544aa3b6bdb7f9/element/f.68A0F64C72A0E3D4AF7713B3C4F16E6D.d.A5A3282CA31EFE22A0460C1D963B1B74.e.76/text'
15:57:25.246 [Forwarding getElementText on session 6938da2cc9c91a86a0544aa3b6bdb7f9 to remote] DEBUG org.asynchttpclient.netty.request.NettyRequestSender -- Using open Channel [id: 0x0a50ccb5, L:/127.0.0.1:59690 - R:localhost/127.0.0.1:32294] for GET '/session/6938da2cc9c91a86a0544aa3b6bdb7f9/element/f.68A0F64C72A0E3D4AF7713B3C4F16E6D.d.A5A3282CA31EFE22A0460C1D963B1B74.e.76/text'
15:57:25.289 [AsyncHttpClient-1-2] DEBUG org.asynchttpclient.netty.handler.HttpHandler -- 

Request DefaultFullHttpRequest(decodeResult: success, version: HTTP/1.1, content: EmptyByteBufBE)
GET /session/6938da2cc9c91a86a0544aa3b6bdb7f9/element/f.68A0F64C72A0E3D4AF7713B3C4F16E6D.d.A5A3282CA31EFE22A0460C1D963B1B74.e.76/text HTTP/1.1
User-Agent: selenium/4.11.0 (java windows)
Cache-Control: no-cache
Content-Type: application/json; charset=utf-8
host: localhost:32294
accept: */*

Response DefaultHttpResponse(decodeResult: success, version: HTTP/1.1)
HTTP/1.1 200 OK
Content-Length: 20
Content-Type: application/json; charset=utf-8
cache-control: no-cache

15:57:25.290 [AsyncHttpClient-1-2] DEBUG org.asynchttpclient.netty.channel.ChannelManager -- Adding key: http://localhost:32294 for channel [id: 0x0a50ccb5, L:/127.0.0.1:59690 - R:localhost/127.0.0.1:32294]
]]></system-out>
    <system-err><![CDATA[Jan 20, 2025 3:57:05 PM org.openqa.selenium.devtools.CdpVersionFinder findNearestMatch
WARNING: Unable to find CDP implementation matching 131
Jan 20, 2025 3:57:05 PM org.openqa.selenium.chromium.ChromiumDriver lambda$new$5
WARNING: Unable to find version of CDP to use for 131.0.6778.265. You may need to include a dependency on a specific version of the CDP using something similar to `org.seleniumhq.selenium:selenium-devtools-v86:4.11.0` where the version ("v86") matches the version of the chromium-based browser you're using and the version number of the artifact is the same as Selenium's.
]]></system-err>
  </testcase>
</testsuite>