<?xml version="1.0" encoding="UTF-8"?>
<!-- Generated by org.testng.reporters.JUnitReportReporter -->
<testsuite hostname="LAPTOP-TVNS7TF3" failures="0" tests="1" name="qa.tests.LoginPage" time="12.408" errors="0" timestamp="2025-01-21T18:05:26 IST" skipped="0">
  <testcase classname="qa.tests.LoginPage" name="Login" time="12.408"/>
</testsuite> <!-- qa.tests.LoginPage -->
