<?xml version="1.0" encoding="UTF-8"?>
<!-- Generated by org.testng.reporters.JUnitReportReporter -->
<testsuite hostname="LAPTOP-TVNS7TF3" failures="0" tests="1" name="qa.tests.LoginPage" time="22.116" errors="0" timestamp="2025-01-20T15:57:26 IST" skipped="0">
  <testcase classname="qa.tests.LoginPage" name="Login" time="22.116"/>
</testsuite> <!-- qa.tests.LoginPage -->
